###############################################################################
#
# IAR ANSI C/C++ Compiler V8.10.1.12857/W32 for ARM       22/Dec/2017  21:48:09
# Copyright 1999-2017 IAR Systems AB.
#
#    Cpu mode     =  thumb
#    Endian       =  little
#    Source file  =  
#        C:\Users\19071_000\Desktop\K60_Car\program\program\app\blind.c
#    Command line =  
#        -f C:\Users\19071_~1\AppData\Local\Temp\EWACDA.tmp
#        (C:\Users\19071_000\Desktop\K60_Car\program\program\app\blind.c -D
#        LPLD_K60 -D USE_K60DZ10 -lCN
#        C:\Users\19071_000\Desktop\K60_Car\program\program\iar\RAM\List -lB
#        C:\Users\19071_000\Desktop\K60_Car\program\program\iar\RAM\List -o
#        C:\Users\19071_000\Desktop\K60_Car\program\program\iar\RAM\Obj
#        --no_cse --no_unroll --no_inline --no_code_motion --no_tbaa
#        --no_clustering --no_scheduling --debug --endian=little
#        --cpu=Cortex-M4 -e --fpu=None --dlib_config "C:\Program Files
#        (x86)\IAR Systems\Embedded Workbench
#        8.0\arm\INC\c\DLib_Config_Normal.h" -I
#        C:\Users\19071_000\Desktop\K60_Car\program\program\iar\..\app\ -I
#        C:\Users\19071_000\Desktop\K60_Car\program\program\iar\..\..\..\lib\CPU\
#        -I
#        C:\Users\19071_000\Desktop\K60_Car\program\program\iar\..\..\..\lib\common\
#        -I
#        C:\Users\19071_000\Desktop\K60_Car\program\program\iar\..\..\..\lib\LPLD\
#        -I
#        C:\Users\19071_000\Desktop\K60_Car\program\program\iar\..\..\..\lib\LPLD\HW\
#        -I
#        C:\Users\19071_000\Desktop\K60_Car\program\program\iar\..\..\..\lib\LPLD\DEV\
#        -I
#        C:\Users\19071_000\Desktop\K60_Car\program\program\iar\..\..\..\lib\LPLD\FUNC\
#        -I
#        C:\Users\19071_000\Desktop\K60_Car\program\program\iar\..\..\..\lib\uCOS-II\Ports\
#        -I
#        C:\Users\19071_000\Desktop\K60_Car\program\program\iar\..\..\..\lib\uCOS-II\Source\
#        -I
#        C:\Users\19071_000\Desktop\K60_Car\program\program\iar\..\..\..\lib\FatFs\
#        -I
#        C:\Users\19071_000\Desktop\K60_Car\program\program\iar\..\..\..\lib\FatFs\option\
#        -I
#        C:\Users\19071_000\Desktop\K60_Car\program\program\iar\..\..\..\lib\USB\common\
#        -I
#        C:\Users\19071_000\Desktop\K60_Car\program\program\iar\..\..\..\lib\USB\driver\
#        -I
#        C:\Users\19071_000\Desktop\K60_Car\program\program\iar\..\..\..\lib\USB\descriptor\
#        -I
#        C:\Users\19071_000\Desktop\K60_Car\program\program\iar\..\..\..\lib\USB\class\
#        -I
#        C:\Users\19071_000\Desktop\K60_Car\program\program\iar\..\..\..\lib\peripheral\
#        -Ol -I "C:\Program Files (x86)\IAR Systems\Embedded Workbench
#        8.0\arm\CMSIS\Include\" -D ARM_MATH_CM4)
#    Locale       =  C
#    List file    =  
#        C:\Users\19071_000\Desktop\K60_Car\program\program\iar\RAM\List\blind.lst
#    Object file  =  
#        C:\Users\19071_000\Desktop\K60_Car\program\program\iar\RAM\Obj\blind.o
#
###############################################################################

C:\Users\19071_000\Desktop\K60_Car\program\program\app\blind.c
      1          #include "program.h"
      2          
      3          #define R 60 //cm
      4          #define CIRCLE 2*3.1415926535*R //Ô²µÄÖÜ³¤
      5          #define MIL CIRCLE*0.01*1965*0.9
      6          

   \                                 In section .bss, align 4
      7          static int dir=0;
   \                     dir:
   \   00000000                      DS8 4
      8          

   \                                 In section .data, align 4
      9          static servo_t steer={
   \                     steer:
   \   00000000   0x40039000         DC32 40039000H
   \   00000004   0x01 0x09          DC8 1, 9, 0, 0
   \              0x00 0x00    
   \   00000008   0x00000032         DC32 50, 625, 80, 41A80000H, 0C3320000H, 441F4000H, 43260000H
   \              0x00000271   
   \              0x00000050   
   \              0x41A80000   
   \              0xC3320000   
   \              0x441F4000   
   \              0x43260000   
   \   00000024   0x441C4000         DC32 441C4000H, 0C3320000H
   \              0xC3320000   
   \   0000002C   0x00 0x00          DC8 0, 0, 0, 0
   \              0x00 0x00    
     10            FTM1,FTM_Ch1,PTA9,50,  625, 80, 21, -178,637,166,625,-178//,median,amplitude, paramL, paramK
     11          };
     12          

   \                                 In section .data, align 8
     13          static motor_controller_t mtrctrl = {
   \                     mtrctrl:
   \   00000000   0x00 0x00          DC8 0, 0, 0, 0
   \              0x00 0x00    
   \   00000004   0x0000000A         DC32 10
   \   00000008   0x01 0x00          DC8 1, 0, 0, 0
   \              0x00 0x00    
   \   0000000C   0x400FF100         DC32 400FF100H, 134217728, 27
   \              0x08000000   
   \              0x0000001B   
   \   00000018   0x02 0x00          DC8 2, 0, 0, 0
   \              0x00 0x00    
   \   0000001C   0x400FF100         DC32 400FF100H, 67108864, 26, 40038000H
   \              0x04000000   
   \              0x0000001A   
   \              0x40038000   
   \   0000002C   0x00 0x3D          DC8 0, 61, 0, 0
   \              0x00 0x00    
   \   00000030   0x00007530         DC32 30000, 40038000H
   \              0x40038000   
   \   00000038   0x01 0x3E          DC8 1, 62, 0, 0
   \              0x00 0x00    
   \   0000003C   0x00007530         DC32 30000, 40038000H
   \              0x40038000   
   \   00000044   0x02 0x3F          DC8 2, 63, 0, 0
   \              0x00 0x00    
   \   00000048   0x00007530         DC32 30000, 40038000H
   \              0x40038000   
   \   00000050   0x03 0x40          DC8 3, 64, 0, 0
   \              0x00 0x00    
   \   00000054   0x00007530         DC32 30000
   \   00000058   0x00 0x00          DC8 0, 0, 0, 0, 0, 0, 0, 0, 0, 0, 0, 0, 0, 0, 0, 0
   \              0x00 0x00    
   \              0x00 0x00    
   \              0x00 0x00    
   \              0x00 0x00    
   \              0x00 0x00    
   \              0x00 0x00    
   \              0x00 0x00    
   \   00000068   0x00 0x00          DC8 0, 0, 0, 0, 0, 0, 0, 0, 0, 0, 0, 0, 0, 0, 0, 0
   \              0x00 0x00    
   \              0x00 0x00    
   \              0x00 0x00    
   \              0x00 0x00    
   \              0x00 0x00    
   \              0x00 0x00    
   \              0x00 0x00    
   \   00000078   0x00 0x00          DC8 0, 0, 0, 0, 0, 0, 0, 0, 0, 0, 0, 0, 0, 0, 0, 0
   \              0x00 0x00    
   \              0x00 0x00    
   \              0x00 0x00    
   \              0x00 0x00    
   \              0x00 0x00    
   \              0x00 0x00    
   \              0x00 0x00    
   \   00000088   0x00 0x00          DC8 0, 0, 0, 0, 0, 0, 0, 0, 0, 0, 0, 0, 0, 0, 0, 0
   \              0x00 0x00    
   \              0x00 0x00    
   \              0x00 0x00    
   \              0x00 0x00    
   \              0x00 0x00    
   \              0x00 0x00    
   \              0x00 0x00    
   \   00000098   0x00 0x00          DC8 0, 0, 0, 0, 0, 0, 0, 0, 0, 0, 0, 0, 0, 0, 0, 0
   \              0x00 0x00    
   \              0x00 0x00    
   \              0x00 0x00    
   \              0x00 0x00    
   \              0x00 0x00    
   \              0x00 0x00    
   \              0x00 0x00    
   \   000000A8   0x00 0x00          DC8 0, 0, 0, 0, 0, 0, 0, 0, 0, 0, 0, 0, 0, 0, 0, 0
   \              0x00 0x00    
   \              0x00 0x00    
   \              0x00 0x00    
   \              0x00 0x00    
   \              0x00 0x00    
   \              0x00 0x00    
   \              0x00 0x00    
   \   000000B8   0x00 0x00          DC8 0, 0, 0, 0, 0, 0, 0, 0, 0, 0, 0, 0, 0, 0, 0, 0
   \              0x00 0x00    
   \              0x00 0x00    
   \              0x00 0x00    
   \              0x00 0x00    
   \              0x00 0x00    
   \              0x00 0x00    
   \              0x00 0x00    
   \   000000C8   0x00 0x00          DC8 0, 0, 0, 0, 0, 0, 0, 0, 0, 0, 0, 0, 0, 0, 0, 0
   \              0x00 0x00    
   \              0x00 0x00    
   \              0x00 0x00    
   \              0x00 0x00    
   \              0x00 0x00    
   \              0x00 0x00    
   \              0x00 0x00    
   \   000000D8   0x00 0x00          DC8 0, 0, 0, 0, 0, 0, 0, 0, 0, 0, 0, 0, 0, 0, 0, 0
   \              0x00 0x00    
   \              0x00 0x00    
   \              0x00 0x00    
   \              0x00 0x00    
   \              0x00 0x00    
   \              0x00 0x00    
   \              0x00 0x00    
   \   000000E8   0x00 0x00          DC8 0, 0, 0, 0, 0, 0, 0, 0
   \              0x00 0x00    
   \              0x00 0x00    
   \              0x00 0x00    
     14              PIT0, 10, 
     15              {LPTMR_ALT1, PTE, GPIO_Pin27, 27}, {LPTMR_ALT2, PTE, GPIO_Pin26, 26}, 
     16              {{FTM0, FTM_Ch0, PTC1, 30000},  {FTM0, FTM_Ch1, PTC2, 30000}, 
     17           {FTM0, FTM_Ch2, PTC3, 30000},{FTM0, FTM_Ch3, PTC4, 30000} /*RR*/   }
     18          };
     19          

   \                                 In section .text, align 4, keep-with-next
     20          extern void app__blind(void){
   \                     app__blind: (+1)
   \   00000000   0xB580             PUSH     {R7,LR}
     21            servo__config(&steer);
   \   00000002   0x4819             LDR.N    R0,??app__blind_0
   \   00000004   0x.... 0x....      BL       servo__config
     22            motor_controller__config(&mtrctrl);
   \   00000008   0x4818             LDR.N    R0,??app__blind_0+0x4
   \   0000000A   0x.... 0x....      BL       motor_controller__config
     23            motor_controller__enable();
   \   0000000E   0x.... 0x....      BL       motor_controller__enable
     24            motor_controller__set_duty(LEFT_MOTOR, (int32)(2000.0f));
   \   00000012   0xF44F 0x61FA      MOV      R1,#+2000
   \   00000016   0x2000             MOVS     R0,#+0
   \   00000018   0x.... 0x....      BL       motor_controller__set_duty
     25            motor_controller__set_duty(RIGHT_MOTOR, (int32)(-2000.0f));
   \   0000001C   0x4914             LDR.N    R1,??app__blind_0+0x8  ;; 0xfffff830
   \   0000001E   0x2001             MOVS     R0,#+1
   \   00000020   0x.... 0x....      BL       motor_controller__set_duty
     26            //servo__set_duty(580);
     27            servo__set_radius_dir(R,dir);
   \   00000024   0x4813             LDR.N    R0,??app__blind_0+0xC
   \   00000026   0x6801             LDR      R1,[R0, #+0]
   \   00000028   0x4813             LDR.N    R0,??app__blind_0+0x10  ;; 0x42700000
   \   0000002A   0x.... 0x....      BL       servo__set_radius_dir
   \   0000002E   0xE00B             B.N      ??app__blind_1
     28          
     29            while(1){
     30                if(mtrctrl.ecdlft.mileage>MIL){
     31               if(dir==0)dir=1;else dir=0;
   \                     ??app__blind_2: (+1)
   \   00000030   0x2000             MOVS     R0,#+0
   \   00000032   0x4910             LDR.N    R1,??app__blind_0+0xC
   \   00000034   0x6008             STR      R0,[R1, #+0]
     32                //servo__set_duty(670);
     33               servo__set_radius_dir(R,dir);
   \                     ??app__blind_3: (+1)
   \   00000036   0x480F             LDR.N    R0,??app__blind_0+0xC
   \   00000038   0x6801             LDR      R1,[R0, #+0]
   \   0000003A   0x480F             LDR.N    R0,??app__blind_0+0x10  ;; 0x42700000
   \   0000003C   0x.... 0x....      BL       servo__set_radius_dir
     34               mtrctrl.ecdlft.mileage=0;
   \   00000040   0x2000             MOVS     R0,#+0
   \   00000042   0x490A             LDR.N    R1,??app__blind_0+0x4
   \   00000044   0xF8C1 0x00CC      STR      R0,[R1, #+204]
   \                     ??app__blind_1: (+1)
   \   00000048   0x4808             LDR.N    R0,??app__blind_0+0x4
   \   0000004A   0xF8D0 0x00CC      LDR      R0,[R0, #+204]
   \   0000004E   0xF641 0x210C      MOVW     R1,#+6668
   \   00000052   0x4288             CMP      R0,R1
   \   00000054   0xDBF8             BLT.N    ??app__blind_1
   \   00000056   0x4807             LDR.N    R0,??app__blind_0+0xC
   \   00000058   0x6800             LDR      R0,[R0, #+0]
   \   0000005A   0x2800             CMP      R0,#+0
   \   0000005C   0xD1E8             BNE.N    ??app__blind_2
   \   0000005E   0x2001             MOVS     R0,#+1
   \   00000060   0x4904             LDR.N    R1,??app__blind_0+0xC
   \   00000062   0x6008             STR      R0,[R1, #+0]
   \   00000064   0xE7E7             B.N      ??app__blind_3
   \   00000066   0xBF00             Nop      
   \                     ??app__blind_0:
   \   00000068   0x........         DC32     steer
   \   0000006C   0x........         DC32     mtrctrl
   \   00000070   0xFFFFF830         DC32     0xfffff830
   \   00000074   0x........         DC32     dir
   \   00000078   0x42700000         DC32     0x42700000
     35              }
     36              
     37              
     38            }
     39            
     40          }

   Maximum stack usage in bytes:

   .cstack Function
   ------- --------
       8   app__blind
         8   -> motor_controller__config
         8   -> motor_controller__enable
         8   -> motor_controller__set_duty
         8   -> servo__config
         8   -> servo__set_radius_dir


   Section sizes:

   Bytes  Function/Label
   -----  --------------
     124  app__blind
       4  dir
     240  mtrctrl
      48  steer

 
   4 bytes in section .bss
 288 bytes in section .data
 124 bytes in section .text
 
 124 bytes of CODE memory
 292 bytes of DATA memory

Errors: none
Warnings: none
