###############################################################################
#
# IAR ANSI C/C++ Compiler V8.10.1.12857/W32 for ARM       22/Dec/2017  21:48:09
# Copyright 1999-2017 IAR Systems AB.
#
#    Cpu mode     =  thumb
#    Endian       =  little
#    Source file  =  
#        C:\Users\19071_000\Desktop\K60_Car\program\program\app\control.c
#    Command line =  
#        -f C:\Users\19071_~1\AppData\Local\Temp\EWACD9.tmp
#        (C:\Users\19071_000\Desktop\K60_Car\program\program\app\control.c -D
#        LPLD_K60 -D USE_K60DZ10 -lCN
#        C:\Users\19071_000\Desktop\K60_Car\program\program\iar\RAM\List -lB
#        C:\Users\19071_000\Desktop\K60_Car\program\program\iar\RAM\List -o
#        C:\Users\19071_000\Desktop\K60_Car\program\program\iar\RAM\Obj
#        --no_cse --no_unroll --no_inline --no_code_motion --no_tbaa
#        --no_clustering --no_scheduling --debug --endian=little
#        --cpu=Cortex-M4 -e --fpu=None --dlib_config "C:\Program Files
#        (x86)\IAR Systems\Embedded Workbench
#        8.0\arm\INC\c\DLib_Config_Normal.h" -I
#        C:\Users\19071_000\Desktop\K60_Car\program\program\iar\..\app\ -I
#        C:\Users\19071_000\Desktop\K60_Car\program\program\iar\..\..\..\lib\CPU\
#        -I
#        C:\Users\19071_000\Desktop\K60_Car\program\program\iar\..\..\..\lib\common\
#        -I
#        C:\Users\19071_000\Desktop\K60_Car\program\program\iar\..\..\..\lib\LPLD\
#        -I
#        C:\Users\19071_000\Desktop\K60_Car\program\program\iar\..\..\..\lib\LPLD\HW\
#        -I
#        C:\Users\19071_000\Desktop\K60_Car\program\program\iar\..\..\..\lib\LPLD\DEV\
#        -I
#        C:\Users\19071_000\Desktop\K60_Car\program\program\iar\..\..\..\lib\LPLD\FUNC\
#        -I
#        C:\Users\19071_000\Desktop\K60_Car\program\program\iar\..\..\..\lib\uCOS-II\Ports\
#        -I
#        C:\Users\19071_000\Desktop\K60_Car\program\program\iar\..\..\..\lib\uCOS-II\Source\
#        -I
#        C:\Users\19071_000\Desktop\K60_Car\program\program\iar\..\..\..\lib\FatFs\
#        -I
#        C:\Users\19071_000\Desktop\K60_Car\program\program\iar\..\..\..\lib\FatFs\option\
#        -I
#        C:\Users\19071_000\Desktop\K60_Car\program\program\iar\..\..\..\lib\USB\common\
#        -I
#        C:\Users\19071_000\Desktop\K60_Car\program\program\iar\..\..\..\lib\USB\driver\
#        -I
#        C:\Users\19071_000\Desktop\K60_Car\program\program\iar\..\..\..\lib\USB\descriptor\
#        -I
#        C:\Users\19071_000\Desktop\K60_Car\program\program\iar\..\..\..\lib\USB\class\
#        -I
#        C:\Users\19071_000\Desktop\K60_Car\program\program\iar\..\..\..\lib\peripheral\
#        -Ol -I "C:\Program Files (x86)\IAR Systems\Embedded Workbench
#        8.0\arm\CMSIS\Include\" -D ARM_MATH_CM4)
#    Locale       =  C
#    List file    =  
#        C:\Users\19071_000\Desktop\K60_Car\program\program\iar\RAM\List\control.lst
#    Object file  =  
#        C:\Users\19071_000\Desktop\K60_Car\program\program\iar\RAM\Obj\control.o
#
###############################################################################

C:\Users\19071_000\Desktop\K60_Car\program\program\app\control.c
      1          #include "program.h"
      2          
      3          /****电机与舵机***/

   \                                 In section .data, align 8
      4          static motor_controller_t mtrctrl = {    //电机与舵机
   \                     mtrctrl:
   \   00000000   0x00 0x00          DC8 0, 0, 0, 0
   \              0x00 0x00    
   \   00000004   0x0000000A         DC32 10
   \   00000008   0x01 0x00          DC8 1, 0, 0, 0
   \              0x00 0x00    
   \   0000000C   0x400FF100         DC32 400FF100H, 134217728, 27
   \              0x08000000   
   \              0x0000001B   
   \   00000018   0x02 0x00          DC8 2, 0, 0, 0
   \              0x00 0x00    
   \   0000001C   0x400FF100         DC32 400FF100H, 67108864, 26, 40038000H
   \              0x04000000   
   \              0x0000001A   
   \              0x40038000   
   \   0000002C   0x01 0x3E          DC8 1, 62, 0, 0
   \              0x00 0x00    
   \   00000030   0x00007530         DC32 30000, 40038000H
   \              0x40038000   
   \   00000038   0x00 0x3D          DC8 0, 61, 0, 0
   \              0x00 0x00    
   \   0000003C   0x00007530         DC32 30000, 40038000H
   \              0x40038000   
   \   00000044   0x02 0x3F          DC8 2, 63, 0, 0
   \              0x00 0x00    
   \   00000048   0x00007530         DC32 30000, 40038000H
   \              0x40038000   
   \   00000050   0x03 0x40          DC8 3, 64, 0, 0
   \              0x00 0x00    
   \   00000054   0x00007530         DC32 30000, 3F000000H, 3ECCCCCDH, 3CA3D70AH, 3F4CCCCDH, 3E4CCCCDH, 0H
   \              0x3F000000   
   \              0x3ECCCCCD   
   \              0x3CA3D70A   
   \              0x3F4CCCCD   
   \              0x3E4CCCCD   
   \              0x00000000   
   \   00000070   0x00000000         DC32 0, 0
   \              0x00000000   
   \   00000078   0x00 0x00          DC8 0, 0, 0, 0, 0, 0, 0, 0, 0, 0, 0, 0, 0, 0, 0, 0
   \              0x00 0x00    
   \              0x00 0x00    
   \              0x00 0x00    
   \              0x00 0x00    
   \              0x00 0x00    
   \              0x00 0x00    
   \              0x00 0x00    
   \   00000088   0x00 0x00          DC8 0, 0, 0, 0, 0, 0, 0, 0, 0, 0, 0, 0, 0, 0, 0, 0
   \              0x00 0x00    
   \              0x00 0x00    
   \              0x00 0x00    
   \              0x00 0x00    
   \              0x00 0x00    
   \              0x00 0x00    
   \              0x00 0x00    
   \   00000098   0x00 0x00          DC8 0, 0, 0, 0, 0, 0, 0, 0, 0, 0, 0, 0, 0, 0, 0, 0
   \              0x00 0x00    
   \              0x00 0x00    
   \              0x00 0x00    
   \              0x00 0x00    
   \              0x00 0x00    
   \              0x00 0x00    
   \              0x00 0x00    
   \   000000A8   0x00 0x00          DC8 0, 0, 0, 0, 0, 0, 0, 0, 0, 0, 0, 0, 0, 0, 0, 0
   \              0x00 0x00    
   \              0x00 0x00    
   \              0x00 0x00    
   \              0x00 0x00    
   \              0x00 0x00    
   \              0x00 0x00    
   \              0x00 0x00    
   \   000000B8   0x00 0x00          DC8 0, 0, 0, 0, 0, 0, 0, 0, 0, 0, 0, 0, 0, 0, 0, 0
   \              0x00 0x00    
   \              0x00 0x00    
   \              0x00 0x00    
   \              0x00 0x00    
   \              0x00 0x00    
   \              0x00 0x00    
   \              0x00 0x00    
   \   000000C8   0x00 0x00          DC8 0, 0, 0, 0, 0, 0, 0, 0, 0, 0, 0, 0, 0, 0, 0, 0
   \              0x00 0x00    
   \              0x00 0x00    
   \              0x00 0x00    
   \              0x00 0x00    
   \              0x00 0x00    
   \              0x00 0x00    
   \              0x00 0x00    
   \   000000D8   0x00 0x00          DC8 0, 0, 0, 0, 0, 0, 0, 0, 0, 0, 0, 0, 0, 0, 0, 0
   \              0x00 0x00    
   \              0x00 0x00    
   \              0x00 0x00    
   \              0x00 0x00    
   \              0x00 0x00    
   \              0x00 0x00    
   \              0x00 0x00    
   \   000000E8   0x00 0x00          DC8 0, 0, 0, 0, 0, 0, 0, 0
   \              0x00 0x00    
   \              0x00 0x00    
   \              0x00 0x00    
      5              PIT0, 10,
      6              {LPTMR_ALT1, PTE, GPIO_Pin27, 27}, {LPTMR_ALT2, PTE, GPIO_Pin26, 26},
      7              {{FTM0, FTM_Ch1, PTC2, 30000}, {FTM0, FTM_Ch0, PTC1, 30000},
      8              {FTM0, FTM_Ch2, PTC3, 30000},  {FTM0, FTM_Ch3, PTC4, 30000}},
      9              {0.5f, 0.4f, 0.02f}, {0.8f, 0.2f, 0.0f},
     10              0, 0
     11          };
     12          

   \                                 In section .data, align 4
     13          static servo_t steer = {  //舵机
   \                     steer:
   \   00000000   0x40039000         DC32 40039000H
   \   00000004   0x00 0x08          DC8 0, 8, 0, 0
   \              0x00 0x00    
   \   00000008   0x00000032         DC32 50, 603, 80, 41A00000H, 44EF0000H
   \              0x0000025B   
   \              0x00000050   
   \              0x41A00000   
   \              0x44EF0000   
   \   0000001C   0x00 0x00          DC8 0, 0, 0, 0, 0, 0, 0, 0, 0, 0, 0, 0, 0, 0, 0, 0, 0, 0, 0, 0
   \              0x00 0x00    
   \              0x00 0x00    
   \              0x00 0x00    
   \              0x00 0x00    
   \              0x00 0x00    
   \              0x00 0x00    
   \              0x00 0x00    
   \              0x00 0x00    
   \              0x00 0x00    
     14              FTM1, FTM_Ch0, PTA8, 50, 603, 80, 20, 1912//29.32, 1377
     15          };
     16          
     17          
     18          static void steer_controller(motor_controller_t *motor_set, float (*points)[2], int len){// 舵机控制
     19              uint32 steer_set;
     20              float turn_R,turn_delta;
     21              int pidx0, pidx1, y_set0, y_set1;
     22              char str[20];
     23              int ij = 0;
     24          
     25              //printf("len=%d\t", len);
     26          
     27          //    /* 偏差法 */
     28          //
     29          //    while ( (ij < len) && (points [ij][0] < 470)) ij ++ ; //350--急转
     30          //
     31          //
     32          //   // if(len > 7) pidx0 = 6; else pidx0 = len - 1; // 8
     33          //    pidx0 = ij;
     34          //
     35          //    // points[pidx0][1] += 20.0f;
     36          //
     37          //    if(points[pidx0][1] > 10.0f){
     38          //        y_set0=-98*((points[pidx0][1])*(points[pidx0][1])/10000) - 7.0f; // 120 / 80 --6
     39          //    }else if(points[pidx0][1] <- 10.0f){
     40          //        y_set0=96*((points[pidx0][1])*(points[pidx0][1])/10000) + 5.0f;  //120 / 80  --6
     41          //    }else {
     42          //        y_set0 = 0;
     43          //    }
     44          //    //printf("y0=%d\t",y_set0);
     45          //
     46          //
     47          //
     48          //    if(y_set0>85) y_set0 = 85;
     49          //    else if(y_set0<-85) y_set0 = -85;
     50          //
     51          //   // sprintf(str, "%d",y_set0);
     52          //   // OLED_status_bar(str);
     53          //
     54          //    y_set0 += steer.median;
     55          //
     56          //
     57          //    //points[len-1][1] += 20.0f;
     58          
     59              
     60              /* 曲率法 */
     61              if(fabs(points[len-1][1])<10.0f ) y_set1 = steer.median;
     62              else{
     63                  turn_R = ((points[len-1][1]*points[len-1][1]+points[len-1][0]*points[len-1][0])/2/-points[len-1][1]);
     64                  if(points[len-1][1]<0) {
     65                    y_set1 = servo__radius2duty_left((&steer), turn_R);
     66                  }else{
     67                    y_set1 = servo__radius2duty_right((&steer), turn_R);
     68                  }
     69              }
     70              
     71              servo__set_duty(( y_set0 + y_set1)/2);
     72          
     73          }
     74          
     75          

   \                                 In section .text, align 4, keep-with-next
     76          extern void control(){
   \                     control: (+1)
   \   00000000   0xB580             PUSH     {R7,LR}
     77              servo__config(&steer);
   \   00000002   0x4804             LDR.N    R0,??control_0
   \   00000004   0x.... 0x....      BL       servo__config
     78              motor_controller__config(&mtrctrl);
   \   00000008   0x4803             LDR.N    R0,??control_0+0x4
   \   0000000A   0x.... 0x....      BL       motor_controller__config
     79              motor_controller__enable();
   \   0000000E   0x.... 0x....      BL       motor_controller__enable
     80            
     81            
     82            
     83          }
   \   00000012   0xBD01             POP      {R0,PC}          ;; return
   \                     ??control_0:
   \   00000014   0x........         DC32     steer
   \   00000018   0x........         DC32     mtrctrl

   Maximum stack usage in bytes:

   .cstack Function
   ------- --------
       8   control
         8   -> motor_controller__config
         8   -> motor_controller__enable
         8   -> servo__config


   Section sizes:

   Bytes  Function/Label
   -----  --------------
      28  control
     240  mtrctrl
      48  steer

 
 288 bytes in section .data
  28 bytes in section .text
 
  28 bytes of CODE memory
 288 bytes of DATA memory

Errors: none
Warnings: 10
