###############################################################################
#
# IAR ANSI C/C++ Compiler V8.10.1.12857/W32 for ARM       22/Dec/2017  21:48:10
# Copyright 1999-2017 IAR Systems AB.
#
#    Cpu mode     =  thumb
#    Endian       =  little
#    Source file  =  C:\Users\19071_000\Desktop\K60_Car\lib\LPLD\HW\HW_FLASH.c
#    Command line =  
#        -f C:\Users\19071_~1\AppData\Local\Temp\EWB1A3.tmp
#        (C:\Users\19071_000\Desktop\K60_Car\lib\LPLD\HW\HW_FLASH.c -D LPLD_K60
#        -D USE_K60DZ10 -lCN
#        C:\Users\19071_000\Desktop\K60_Car\program\program\iar\RAM\List -lB
#        C:\Users\19071_000\Desktop\K60_Car\program\program\iar\RAM\List -o
#        C:\Users\19071_000\Desktop\K60_Car\program\program\iar\RAM\Obj
#        --no_cse --no_unroll --no_inline --no_code_motion --no_tbaa
#        --no_clustering --no_scheduling --debug --endian=little
#        --cpu=Cortex-M4 -e --fpu=None --dlib_config "C:\Program Files
#        (x86)\IAR Systems\Embedded Workbench
#        8.0\arm\INC\c\DLib_Config_Normal.h" -I
#        C:\Users\19071_000\Desktop\K60_Car\program\program\iar\..\app\ -I
#        C:\Users\19071_000\Desktop\K60_Car\program\program\iar\..\..\..\lib\CPU\
#        -I
#        C:\Users\19071_000\Desktop\K60_Car\program\program\iar\..\..\..\lib\common\
#        -I
#        C:\Users\19071_000\Desktop\K60_Car\program\program\iar\..\..\..\lib\LPLD\
#        -I
#        C:\Users\19071_000\Desktop\K60_Car\program\program\iar\..\..\..\lib\LPLD\HW\
#        -I
#        C:\Users\19071_000\Desktop\K60_Car\program\program\iar\..\..\..\lib\LPLD\DEV\
#        -I
#        C:\Users\19071_000\Desktop\K60_Car\program\program\iar\..\..\..\lib\LPLD\FUNC\
#        -I
#        C:\Users\19071_000\Desktop\K60_Car\program\program\iar\..\..\..\lib\uCOS-II\Ports\
#        -I
#        C:\Users\19071_000\Desktop\K60_Car\program\program\iar\..\..\..\lib\uCOS-II\Source\
#        -I
#        C:\Users\19071_000\Desktop\K60_Car\program\program\iar\..\..\..\lib\FatFs\
#        -I
#        C:\Users\19071_000\Desktop\K60_Car\program\program\iar\..\..\..\lib\FatFs\option\
#        -I
#        C:\Users\19071_000\Desktop\K60_Car\program\program\iar\..\..\..\lib\USB\common\
#        -I
#        C:\Users\19071_000\Desktop\K60_Car\program\program\iar\..\..\..\lib\USB\driver\
#        -I
#        C:\Users\19071_000\Desktop\K60_Car\program\program\iar\..\..\..\lib\USB\descriptor\
#        -I
#        C:\Users\19071_000\Desktop\K60_Car\program\program\iar\..\..\..\lib\USB\class\
#        -I
#        C:\Users\19071_000\Desktop\K60_Car\program\program\iar\..\..\..\lib\peripheral\
#        -Ol -I "C:\Program Files (x86)\IAR Systems\Embedded Workbench
#        8.0\arm\CMSIS\Include\" -D ARM_MATH_CM4)
#    Locale       =  C
#    List file    =  
#        C:\Users\19071_000\Desktop\K60_Car\program\program\iar\RAM\List\HW_FLASH.lst
#    Object file  =  
#        C:\Users\19071_000\Desktop\K60_Car\program\program\iar\RAM\Obj\HW_FLASH.o
#
###############################################################################

C:\Users\19071_000\Desktop\K60_Car\lib\LPLD\HW\HW_FLASH.c
      1          /**
      2           * @file HW_FLASH.c
      3           * @version 3.0[By LPLD]
      4           * @date 2013-06-18
      5           * @brief FTFL底层模块相关函数
      6           *
      7           * 更改建议:不建议修改
      8           *
      9           * 版权所有:北京拉普兰德电子技术有限公司
     10           * http://www.lpld.cn
     11           * mail:support@lpld.cn
     12           *
     13           * @par
     14           * 本代码由拉普兰德[LPLD]开发并维护，并向所有使用者开放源代码。
     15           * 开发者可以随意修使用或改源代码。但本段及以上注释应予以保留。
     16           * 不得更改或删除原版权所有者姓名，二次开发者可以加注二次版权所有者。
     17           * 但应在遵守此协议的基础上，开放源代码、不得出售代码本身。
     18           * 拉普兰德不负责由于使用本代码所带来的任何事故、法律责任或相关不良影响。
     19           * 拉普兰德无义务解释、说明本代码的具体原理、功能、实现方法。
     20           * 除非拉普兰德[LPLD]授权，开发者不得将本代码用于商业产品。
     21           */
     22          #include "common.h"
     23          #include "HW_FLASH.h"
     24          
     25          /*
     26           * LPLD_Flash_Init
     27           * Flash模块初始化
     28           * 
     29           * 参数:
     30           *    无
     31           *
     32           * 输出:
     33           *    无
     34           */

   \                                 In section .text, align 2, keep-with-next
     35          void LPLD_Flash_Init(void)
     36          {
     37          #if defined(CPU_MK60DZ10) || defined(CPU_MK60D10) 
     38            //检查Flash访问错误
     39            if (FTFL->FSTAT & FTFL_FSTAT_ACCERR_MASK)
   \                     LPLD_Flash_Init: (+1)
   \   00000000   0x....             LDR.N    R0,??DataTable2  ;; 0x40020000
   \   00000002   0x7800             LDRB     R0,[R0, #+0]
   \   00000004   0x0680             LSLS     R0,R0,#+26
   \   00000006   0xD506             BPL.N    ??LPLD_Flash_Init_0
     40            {
     41              FTFL->FSTAT |= FTFL_FSTAT_ACCERR_MASK;       //清除错误标志
   \   00000008   0x....             LDR.N    R0,??DataTable2  ;; 0x40020000
   \   0000000A   0x7800             LDRB     R0,[R0, #+0]
   \   0000000C   0xF050 0x0020      ORRS     R0,R0,#0x20
   \   00000010   0x....             LDR.N    R1,??DataTable2  ;; 0x40020000
   \   00000012   0x7008             STRB     R0,[R1, #+0]
   \   00000014   0xE014             B.N      ??LPLD_Flash_Init_1
     42            }
     43            //检查保护错误
     44            else if (FTFL->FSTAT & FTFL_FSTAT_FPVIOL_MASK)
   \                     ??LPLD_Flash_Init_0: (+1)
   \   00000016   0x....             LDR.N    R0,??DataTable2  ;; 0x40020000
   \   00000018   0x7800             LDRB     R0,[R0, #+0]
   \   0000001A   0x06C0             LSLS     R0,R0,#+27
   \   0000001C   0xD506             BPL.N    ??LPLD_Flash_Init_2
     45            {
     46              FTFL->FSTAT |= FTFL_FSTAT_FPVIOL_MASK;
   \   0000001E   0x....             LDR.N    R0,??DataTable2  ;; 0x40020000
   \   00000020   0x7800             LDRB     R0,[R0, #+0]
   \   00000022   0xF050 0x0010      ORRS     R0,R0,#0x10
   \   00000026   0x....             LDR.N    R1,??DataTable2  ;; 0x40020000
   \   00000028   0x7008             STRB     R0,[R1, #+0]
   \   0000002A   0xE009             B.N      ??LPLD_Flash_Init_1
     47            }
     48            //检查读冲突错误
     49            else if (FTFL->FSTAT & FTFL_FSTAT_RDCOLERR_MASK)
   \                     ??LPLD_Flash_Init_2: (+1)
   \   0000002C   0x....             LDR.N    R0,??DataTable2  ;; 0x40020000
   \   0000002E   0x7800             LDRB     R0,[R0, #+0]
   \   00000030   0x0640             LSLS     R0,R0,#+25
   \   00000032   0xD505             BPL.N    ??LPLD_Flash_Init_1
     50            {
     51              FTFL->FSTAT |= FTFL_FSTAT_RDCOLERR_MASK;
   \   00000034   0x....             LDR.N    R0,??DataTable2  ;; 0x40020000
   \   00000036   0x7800             LDRB     R0,[R0, #+0]
   \   00000038   0xF050 0x0040      ORRS     R0,R0,#0x40
   \   0000003C   0x....             LDR.N    R1,??DataTable2  ;; 0x40020000
   \   0000003E   0x7008             STRB     R0,[R1, #+0]
     52            }
     53            
     54            //禁用Flash模块的数据缓存
     55            FMC->PFB0CR &= ~FMC_PFB0CR_B0DCE_MASK;
   \                     ??LPLD_Flash_Init_1: (+1)
   \   00000040   0x....             LDR.N    R0,??DataTable2_1  ;; 0x4001f004
   \   00000042   0x6800             LDR      R0,[R0, #+0]
   \   00000044   0xF030 0x0010      BICS     R0,R0,#0x10
   \   00000048   0x....             LDR.N    R1,??DataTable2_1  ;; 0x4001f004
   \   0000004A   0x6008             STR      R0,[R1, #+0]
     56            FMC->PFB1CR &= ~FMC_PFB1CR_B1DCE_MASK;
   \   0000004C   0x....             LDR.N    R0,??DataTable2_2  ;; 0x4001f008
   \   0000004E   0x6800             LDR      R0,[R0, #+0]
   \   00000050   0xF030 0x0010      BICS     R0,R0,#0x10
   \   00000054   0x....             LDR.N    R1,??DataTable2_2  ;; 0x4001f008
   \   00000056   0x6008             STR      R0,[R1, #+0]
     57          #elif defined(CPU_MK60F12) || defined(CPU_MK60F15)  
     58            //检查Flash访问错误
     59            if (FTFE->FSTAT & FTFE_FSTAT_ACCERR_MASK)
     60            {
     61              FTFE->FSTAT |= FTFE_FSTAT_ACCERR_MASK;//清除错误标志
     62            }
     63            //检查保护错误
     64            else if (FTFE->FSTAT & FTFE_FSTAT_FPVIOL_MASK)
     65            {
     66              FTFE->FSTAT |= FTFE_FSTAT_FPVIOL_MASK;
     67            }
     68            else if (FTFE->FSTAT & FTFE_FSTAT_RDCOLERR_MASK)
     69            {
     70            //检查读冲突错误
     71              FTFE->FSTAT |= FTFE_FSTAT_RDCOLERR_MASK;
     72            } /* EndIf */
     73            //禁用Flash模块的数据缓存
     74            FMC->PFB01CR &= ~FMC_PFB01CR_B01DCE_MASK;
     75            FMC->PFB23CR &= ~FMC_PFB23CR_B23DCE_MASK;
     76          #endif
     77          } 
   \   00000058   0x4770             BX       LR               ;; return
     78          
     79          
     80          /*
     81           * LPLD_Flash_SectorErase
     82           * 擦除Flash扇区
     83           * 
     84           * 参数:
     85           *    FlashPtr--扇区地址指针，即扇区号乘以2048
     86           *
     87           * 输出:
     88           *    错误代码
     89           */

   \                                 In section .text, align 2, keep-with-next
     90          uint8 LPLD_Flash_SectorErase(uint32 FlashPtr)
     91          {
   \                     LPLD_Flash_SectorErase: (+1)
   \   00000000   0x0001             MOVS     R1,R0
     92            uint8 Return = FLASH_OK;
   \   00000002   0x2000             MOVS     R0,#+0
     93          #if defined(CPU_MK60DZ10) || defined(CPU_MK60D10)   
     94            //等待CCIF置1
     95            while (!(FTFL->FSTAT & FTFL_FSTAT_CCIF_MASK)){};
   \                     ??LPLD_Flash_SectorErase_0: (+1)
   \   00000004   0x....             LDR.N    R2,??DataTable2  ;; 0x40020000
   \   00000006   0x7812             LDRB     R2,[R2, #+0]
   \   00000008   0x0612             LSLS     R2,R2,#+24
   \   0000000A   0xD5FB             BPL.N    ??LPLD_Flash_SectorErase_0
     96            //写入命令道FCCOB寄存器
     97            FTFL->FCCOB0 = FLASH_CMD_ERSSCR;
   \   0000000C   0x2209             MOVS     R2,#+9
   \   0000000E   0x....             LDR.N    R3,??DataTable2_3  ;; 0x40020007
   \   00000010   0x701A             STRB     R2,[R3, #+0]
     98            FTFL->FCCOB1 = (uint8) (FlashPtr >> 16);
   \   00000012   0x000A             MOVS     R2,R1
   \   00000014   0x0C12             LSRS     R2,R2,#+16
   \   00000016   0x....             LDR.N    R3,??DataTable2_4  ;; 0x40020006
   \   00000018   0x701A             STRB     R2,[R3, #+0]
     99            FTFL->FCCOB2 = (uint8)((FlashPtr >> 8 ) & 0xFF);
   \   0000001A   0x000A             MOVS     R2,R1
   \   0000001C   0x0A12             LSRS     R2,R2,#+8
   \   0000001E   0x....             LDR.N    R3,??DataTable2_5  ;; 0x40020005
   \   00000020   0x701A             STRB     R2,[R3, #+0]
    100            FTFL->FCCOB3 = (uint8)( FlashPtr & 0xFF);
   \   00000022   0x....             LDR.N    R2,??DataTable2_6  ;; 0x40020004
   \   00000024   0x7011             STRB     R1,[R2, #+0]
    101            
    102            //执行命令
    103            FTFL->FSTAT |= FTFL_FSTAT_CCIF_MASK;    
   \   00000026   0x....             LDR.N    R1,??DataTable2  ;; 0x40020000
   \   00000028   0x7809             LDRB     R1,[R1, #+0]
   \   0000002A   0xF051 0x0180      ORRS     R1,R1,#0x80
   \   0000002E   0x....             LDR.N    R2,??DataTable2  ;; 0x40020000
   \   00000030   0x7011             STRB     R1,[R2, #+0]
    104            //等待命令完成
    105            while (!(FTFL->FSTAT & FTFL_FSTAT_CCIF_MASK)) {};
   \                     ??LPLD_Flash_SectorErase_1: (+1)
   \   00000032   0x....             LDR.N    R1,??DataTable2  ;; 0x40020000
   \   00000034   0x7809             LDRB     R1,[R1, #+0]
   \   00000036   0x0609             LSLS     R1,R1,#+24
   \   00000038   0xD5FB             BPL.N    ??LPLD_Flash_SectorErase_1
    106            
    107            //检查Flash访问错误
    108            if (FTFL->FSTAT & FTFL_FSTAT_ACCERR_MASK)
   \   0000003A   0x....             LDR.N    R1,??DataTable2  ;; 0x40020000
   \   0000003C   0x7809             LDRB     R1,[R1, #+0]
   \   0000003E   0x0689             LSLS     R1,R1,#+26
   \   00000040   0xD508             BPL.N    ??LPLD_Flash_SectorErase_2
    109            {
    110              FTFL->FSTAT |= FTFL_FSTAT_ACCERR_MASK;       //清除错误标志
   \   00000042   0x....             LDR.N    R1,??DataTable2  ;; 0x40020000
   \   00000044   0x7809             LDRB     R1,[R1, #+0]
   \   00000046   0xF051 0x0120      ORRS     R1,R1,#0x20
   \   0000004A   0x....             LDR.N    R2,??DataTable2  ;; 0x40020000
   \   0000004C   0x7011             STRB     R1,[R2, #+0]
    111              Return |= FLASH_FACCERR;                    //更新返回值
   \   0000004E   0xF050 0x0001      ORRS     R0,R0,#0x1
   \   00000052   0xE01F             B.N      ??LPLD_Flash_SectorErase_3
    112            }
    113            //检查Flash保护标志
    114            else if (FTFL->FSTAT & FTFL_FSTAT_FPVIOL_MASK)
   \                     ??LPLD_Flash_SectorErase_2: (+1)
   \   00000054   0x....             LDR.N    R1,??DataTable2  ;; 0x40020000
   \   00000056   0x7809             LDRB     R1,[R1, #+0]
   \   00000058   0x06C9             LSLS     R1,R1,#+27
   \   0000005A   0xD508             BPL.N    ??LPLD_Flash_SectorErase_4
    115            {
    116              FTFL->FSTAT |= FTFL_FSTAT_FPVIOL_MASK;
   \   0000005C   0x....             LDR.N    R1,??DataTable2  ;; 0x40020000
   \   0000005E   0x7809             LDRB     R1,[R1, #+0]
   \   00000060   0xF051 0x0110      ORRS     R1,R1,#0x10
   \   00000064   0x....             LDR.N    R2,??DataTable2  ;; 0x40020000
   \   00000066   0x7011             STRB     R1,[R2, #+0]
    117              Return |= FLASH_FPVIOL;
   \   00000068   0xF050 0x0002      ORRS     R0,R0,#0x2
   \   0000006C   0xE012             B.N      ??LPLD_Flash_SectorErase_3
    118            }
    119            //检查Flash读冲突错误
    120            else if (FTFL->FSTAT & FTFL_FSTAT_RDCOLERR_MASK)
   \                     ??LPLD_Flash_SectorErase_4: (+1)
   \   0000006E   0x....             LDR.N    R1,??DataTable2  ;; 0x40020000
   \   00000070   0x7809             LDRB     R1,[R1, #+0]
   \   00000072   0x0649             LSLS     R1,R1,#+25
   \   00000074   0xD508             BPL.N    ??LPLD_Flash_SectorErase_5
    121            {
    122              FTFL->FSTAT |= FTFL_FSTAT_RDCOLERR_MASK;
   \   00000076   0x....             LDR.N    R1,??DataTable2  ;; 0x40020000
   \   00000078   0x7809             LDRB     R1,[R1, #+0]
   \   0000007A   0xF051 0x0140      ORRS     R1,R1,#0x40
   \   0000007E   0x....             LDR.N    R2,??DataTable2  ;; 0x40020000
   \   00000080   0x7011             STRB     R1,[R2, #+0]
    123              Return |= FLASH_RDCOLERR;
   \   00000082   0xF050 0x0008      ORRS     R0,R0,#0x8
   \   00000086   0xE005             B.N      ??LPLD_Flash_SectorErase_3
    124            }
    125            //检查MGSTAT0非可纠正错误
    126            else if (FTFL->FSTAT & FTFL_FSTAT_MGSTAT0_MASK)
   \                     ??LPLD_Flash_SectorErase_5: (+1)
   \   00000088   0x....             LDR.N    R1,??DataTable2  ;; 0x40020000
   \   0000008A   0x7809             LDRB     R1,[R1, #+0]
   \   0000008C   0x07C9             LSLS     R1,R1,#+31
   \   0000008E   0xD501             BPL.N    ??LPLD_Flash_SectorErase_3
    127            {
    128              Return |= FLASH_MGSTAT0;
   \   00000090   0xF050 0x0004      ORRS     R0,R0,#0x4
    129            } 
    130          #elif defined(CPU_MK60F12) || defined(CPU_MK60F15)
    131            //等待CCIF置1
    132            while (!(FTFE->FSTAT & FTFE_FSTAT_CCIF_MASK)){};
    133            //写入命令道FCCOB寄存器
    134            FTFE->FCCOB0 = FlashCmd_SectorErase;
    135            FTFE->FCCOB1 = (uint8_t) (FlashPtr >> 16);
    136            FTFE->FCCOB2 = (uint8_t)((FlashPtr >> 8 ) & 0xFF);
    137            FTFE->FCCOB3 = (uint8_t)( FlashPtr & 0xFF);
    138          
    139            //执行命令
    140            FTFE->FSTAT |= FTFE_FSTAT_CCIF_MASK;    
    141            //等待命令完成
    142            while (!(FTFE->FSTAT & FTFE_FSTAT_CCIF_MASK)) {};
    143            //检查Flash访问错误
    144            if (FTFE->FSTAT & FTFE_FSTAT_ACCERR_MASK)
    145            {
    146              FTFE->FSTAT |= FTFE_FSTAT_ACCERR_MASK; //清除错误标志
    147              Return |= FLASH_FACCERR;              //更新返回值
    148            }
    149            //检查Flash保护标志
    150            else if (FTFE->FSTAT & FTFE_FSTAT_FPVIOL_MASK)
    151            {
    152              FTFE->FSTAT |= FTFE_FSTAT_FPVIOL_MASK;
    153              Return |= FLASH_FPVIOL;
    154            }
    155            else if (FTFE->FSTAT & FTFE_FSTAT_RDCOLERR_MASK)
    156            {
    157              FTFE->FSTAT |= FTFE_FSTAT_RDCOLERR_MASK;
    158              Return |= FLASH_RDCOLERR;
    159            }
    160            //检查Flash读冲突错误
    161            else if (FTFE->FSTAT & FTFE_FSTAT_MGSTAT0_MASK)
    162            {
    163              Return |= FLASH_MGSTAT0;
    164            } 
    165          #endif
    166            return  Return;
   \                     ??LPLD_Flash_SectorErase_3: (+1)
   \   00000094   0xB2C0             UXTB     R0,R0            ;; ZeroExt  R0,R0,#+24,#+24
   \   00000096   0x4770             BX       LR               ;; return
    167          }
    168          
    169          /*
    170           * LPLD_Flash_ByteProgram
    171           * 编程Flash
    172           * 
    173           * 参数:
    174           *    FlashStartAdd--Flash编程起始地址
    175           *    *DataSrcPtr--数据源指针
    176           *    NumberOfBytes--数据字节长度
    177           *
    178           * 输出:
    179           *    错误代码
    180           */

   \                                 In section .text, align 2, keep-with-next
    181          uint8 LPLD_Flash_ByteProgram(uint32 FlashStartAdd, uint32 *DataSrcPtr, uint32 NumberOfBytes)
    182          {
   \                     LPLD_Flash_ByteProgram: (+1)
   \   00000000   0xB430             PUSH     {R4,R5}
   \   00000002   0x0003             MOVS     R3,R0
    183            uint8 Return = FLASH_OK;
   \   00000004   0x2000             MOVS     R0,#+0
    184            
    185            uint32 size_buffer;
    186            
    187            if (NumberOfBytes == 0)
   \   00000006   0x2A00             CMP      R2,#+0
   \   00000008   0xD101             BNE.N    ??LPLD_Flash_ByteProgram_0
    188            {
    189              return FLASH_CONTENTERR;
   \   0000000A   0x2011             MOVS     R0,#+17
   \   0000000C   0xE060             B.N      ??LPLD_Flash_ByteProgram_1
    190            }
    191            else
    192            {
    193              size_buffer = (NumberOfBytes - 1)/BYTE_DIV + 1;
   \                     ??LPLD_Flash_ByteProgram_0: (+1)
   \   0000000E   0x1E52             SUBS     R2,R2,#+1
   \   00000010   0x0892             LSRS     R2,R2,#+2
   \   00000012   0x1C52             ADDS     R2,R2,#+1
    194            }
    195          #if defined(CPU_MK60DZ10) || defined(CPU_MK60D10)
    196            //等待直到CCIF设置
    197            while (!(FTFL->FSTAT & FTFL_FSTAT_CCIF_MASK)){};
   \                     ??LPLD_Flash_ByteProgram_2: (+1)
   \   00000014   0x....             LDR.N    R4,??DataTable2  ;; 0x40020000
   \   00000016   0x7824             LDRB     R4,[R4, #+0]
   \   00000018   0x0624             LSLS     R4,R4,#+24
   \   0000001A   0xD5FB             BPL.N    ??LPLD_Flash_ByteProgram_2
    198          
    199            while ((size_buffer) && (Return == FLASH_OK))
   \                     ??LPLD_Flash_ByteProgram_3: (+1)
   \   0000001C   0x2A00             CMP      R2,#+0
   \   0000001E   0xD056             BEQ.N    ??LPLD_Flash_ByteProgram_4
   \   00000020   0xB2C0             UXTB     R0,R0            ;; ZeroExt  R0,R0,#+24,#+24
   \   00000022   0x2800             CMP      R0,#+0
   \   00000024   0xD153             BNE.N    ??LPLD_Flash_ByteProgram_4
    200            {
    201              //写FLASH命令到FCCOB
    202              FTFL->FCCOB0 = FLASH_CMD_PGM4;
   \   00000026   0x2406             MOVS     R4,#+6
   \   00000028   0x....             LDR.N    R5,??DataTable2_3  ;; 0x40020007
   \   0000002A   0x702C             STRB     R4,[R5, #+0]
    203              FTFL->FCCOB1 = (uint8)(FlashStartAdd >> 16);
   \   0000002C   0x001C             MOVS     R4,R3
   \   0000002E   0x0C24             LSRS     R4,R4,#+16
   \   00000030   0x....             LDR.N    R5,??DataTable2_4  ;; 0x40020006
   \   00000032   0x702C             STRB     R4,[R5, #+0]
    204              FTFL->FCCOB2 = (uint8)((FlashStartAdd >> 8) & 0xFF);
   \   00000034   0x001C             MOVS     R4,R3
   \   00000036   0x0A24             LSRS     R4,R4,#+8
   \   00000038   0x....             LDR.N    R5,??DataTable2_5  ;; 0x40020005
   \   0000003A   0x702C             STRB     R4,[R5, #+0]
    205              FTFL->FCCOB3 = (uint8)(FlashStartAdd & 0xFF);
   \   0000003C   0x....             LDR.N    R4,??DataTable2_6  ;; 0x40020004
   \   0000003E   0x7023             STRB     R3,[R4, #+0]
    206              //如果K60设置成为小端格式，进行如下操作
    207              FTFL->FCCOB4 = (uint8)(*((uint8*)DataSrcPtr+3));
   \   00000040   0x78CC             LDRB     R4,[R1, #+3]
   \   00000042   0x....             LDR.N    R5,??DataTable2_7  ;; 0x4002000b
   \   00000044   0x702C             STRB     R4,[R5, #+0]
    208              FTFL->FCCOB5 = (uint8)(*((uint8*)DataSrcPtr+2));
   \   00000046   0x788C             LDRB     R4,[R1, #+2]
   \   00000048   0x....             LDR.N    R5,??DataTable2_8  ;; 0x4002000a
   \   0000004A   0x702C             STRB     R4,[R5, #+0]
    209              FTFL->FCCOB6 = (uint8)(*((uint8*)DataSrcPtr+1));
   \   0000004C   0x784C             LDRB     R4,[R1, #+1]
   \   0000004E   0x....             LDR.N    R5,??DataTable2_9  ;; 0x40020009
   \   00000050   0x702C             STRB     R4,[R5, #+0]
    210              FTFL->FCCOB7 = (uint8)(*((uint8*)DataSrcPtr+0));
   \   00000052   0x780C             LDRB     R4,[R1, #+0]
   \   00000054   0x....             LDR.N    R5,??DataTable2_10  ;; 0x40020008
   \   00000056   0x702C             STRB     R4,[R5, #+0]
    211              //如果K60设置成为大端格式，进行如下操作
    212              //FTFL_FCCOB4 = (uint8)(*((uint_8*)DataSrcPtr+0));
    213              //FTFL_FCCOB5 = (uint8)(*((uint_8*)DataSrcPtr+1));
    214              //FTFL_FCCOB6 = (uint8)(*((uint_8*)DataSrcPtr+2));
    215              //FTFL_FCCOB7 = (uint8)(*((uint_8*)DataSrcPtr+3));
    216              //设置FLASH加载命令
    217              FTFL->FSTAT |= FTFL_FSTAT_CCIF_MASK;    
   \   00000058   0x....             LDR.N    R4,??DataTable2  ;; 0x40020000
   \   0000005A   0x7824             LDRB     R4,[R4, #+0]
   \   0000005C   0xF054 0x0480      ORRS     R4,R4,#0x80
   \   00000060   0x....             LDR.N    R5,??DataTable2  ;; 0x40020000
   \   00000062   0x702C             STRB     R4,[R5, #+0]
    218              //等待命令完成
    219              while (!(FTFL->FSTAT & FTFL_FSTAT_CCIF_MASK)) {};
   \                     ??LPLD_Flash_ByteProgram_5: (+1)
   \   00000064   0x....             LDR.N    R4,??DataTable2  ;; 0x40020000
   \   00000066   0x7824             LDRB     R4,[R4, #+0]
   \   00000068   0x0624             LSLS     R4,R4,#+24
   \   0000006A   0xD5FB             BPL.N    ??LPLD_Flash_ByteProgram_5
    220              
    221              //检测FLASH访问错误
    222              if (FTFL->FSTAT & FTFL_FSTAT_ACCERR_MASK)
   \   0000006C   0x....             LDR.N    R4,??DataTable2  ;; 0x40020000
   \   0000006E   0x7824             LDRB     R4,[R4, #+0]
   \   00000070   0x06A4             LSLS     R4,R4,#+26
   \   00000072   0xD508             BPL.N    ??LPLD_Flash_ByteProgram_6
    223              {
    224                  
    225                  FTFL->FSTAT |= FTFL_FSTAT_ACCERR_MASK;
   \   00000074   0x....             LDR.N    R4,??DataTable2  ;; 0x40020000
   \   00000076   0x7824             LDRB     R4,[R4, #+0]
   \   00000078   0xF054 0x0420      ORRS     R4,R4,#0x20
   \   0000007C   0x....             LDR.N    R5,??DataTable2  ;; 0x40020000
   \   0000007E   0x702C             STRB     R4,[R5, #+0]
    226              
    227                  Return |= FLASH_FACCERR;
   \   00000080   0xF050 0x0001      ORRS     R0,R0,#0x1
   \   00000084   0xE01F             B.N      ??LPLD_Flash_ByteProgram_7
    228              }
    229              //检测FLASH保护错误
    230              else if (FTFL->FSTAT & FTFL_FSTAT_FPVIOL_MASK)
   \                     ??LPLD_Flash_ByteProgram_6: (+1)
   \   00000086   0x....             LDR.N    R4,??DataTable2  ;; 0x40020000
   \   00000088   0x7824             LDRB     R4,[R4, #+0]
   \   0000008A   0x06E4             LSLS     R4,R4,#+27
   \   0000008C   0xD508             BPL.N    ??LPLD_Flash_ByteProgram_8
    231              {
    232                  FTFL->FSTAT |= FTFL_FSTAT_FPVIOL_MASK;
   \   0000008E   0x....             LDR.N    R4,??DataTable2  ;; 0x40020000
   \   00000090   0x7824             LDRB     R4,[R4, #+0]
   \   00000092   0xF054 0x0410      ORRS     R4,R4,#0x10
   \   00000096   0x....             LDR.N    R5,??DataTable2  ;; 0x40020000
   \   00000098   0x702C             STRB     R4,[R5, #+0]
    233              
    234                  Return |= FLASH_FPVIOL;
   \   0000009A   0xF050 0x0002      ORRS     R0,R0,#0x2
   \   0000009E   0xE012             B.N      ??LPLD_Flash_ByteProgram_7
    235              }
    236              
    237              else if (FTFL->FSTAT & FTFL_FSTAT_RDCOLERR_MASK)
   \                     ??LPLD_Flash_ByteProgram_8: (+1)
   \   000000A0   0x....             LDR.N    R4,??DataTable2  ;; 0x40020000
   \   000000A2   0x7824             LDRB     R4,[R4, #+0]
   \   000000A4   0x0664             LSLS     R4,R4,#+25
   \   000000A6   0xD508             BPL.N    ??LPLD_Flash_ByteProgram_9
    238              {
    239                  FTFL->FSTAT |= FTFL_FSTAT_RDCOLERR_MASK;
   \   000000A8   0x....             LDR.N    R4,??DataTable2  ;; 0x40020000
   \   000000AA   0x7824             LDRB     R4,[R4, #+0]
   \   000000AC   0xF054 0x0440      ORRS     R4,R4,#0x40
   \   000000B0   0x....             LDR.N    R5,??DataTable2  ;; 0x40020000
   \   000000B2   0x702C             STRB     R4,[R5, #+0]
    240              
    241                  Return |= FLASH_RDCOLERR;
   \   000000B4   0xF050 0x0008      ORRS     R0,R0,#0x8
   \   000000B8   0xE005             B.N      ??LPLD_Flash_ByteProgram_7
    242              }
    243              else if (FTFL->FSTAT & FTFL_FSTAT_MGSTAT0_MASK)
   \                     ??LPLD_Flash_ByteProgram_9: (+1)
   \   000000BA   0x....             LDR.N    R4,??DataTable2  ;; 0x40020000
   \   000000BC   0x7824             LDRB     R4,[R4, #+0]
   \   000000BE   0x07E4             LSLS     R4,R4,#+31
   \   000000C0   0xD501             BPL.N    ??LPLD_Flash_ByteProgram_7
    244              {
    245                  Return |= FLASH_MGSTAT0;
   \   000000C2   0xF050 0x0004      ORRS     R0,R0,#0x4
    246              } 
    247              size_buffer --;
   \                     ??LPLD_Flash_ByteProgram_7: (+1)
   \   000000C6   0x1E52             SUBS     R2,R2,#+1
    248              (uint32*)DataSrcPtr++;
   \   000000C8   0x1D09             ADDS     R1,R1,#+4
    249              FlashStartAdd +=4;
   \   000000CA   0x1D1B             ADDS     R3,R3,#+4
   \   000000CC   0xE7A6             B.N      ??LPLD_Flash_ByteProgram_3
    250            }
    251          #elif defined(CPU_MK60F12) || defined(CPU_MK60F15) 
    252            //等待直到CCIF设置
    253            while (!(FTFE->FSTAT & FTFE_FSTAT_CCIF_MASK)){};
    254          
    255            while ((size_buffer) && (Return == FLASH_OK))
    256            {
    257              //写FLASH命令到FCCOB
    258              FTFE->FCCOB0 = FlashCmd_ProgramPhrase;
    259              FTFE->FCCOB1 = (uint8_t)( FlashStartAdd >> 16);
    260              FTFE->FCCOB2 = (uint8_t)((FlashStartAdd >>  8) & 0xFF);
    261              FTFE->FCCOB3 = (uint8_t)( FlashStartAdd & 0xFF);
    262              //如果K60设置成为小端格式，进行如下操作
    263              FTFE->FCCOB4 = (uint8_t)(*((uint8_t*)DataSrcPtr+3));
    264              FTFE->FCCOB5 = (uint8_t)(*((uint8_t*)DataSrcPtr+2));
    265              FTFE->FCCOB6 = (uint8_t)(*((uint8_t*)DataSrcPtr+1));
    266              FTFE->FCCOB7 = (uint8_t)(*((uint8_t*)DataSrcPtr+0));
    267              FTFE->FCCOB8 = (uint8_t)(*((uint8_t*)DataSrcPtr+7));
    268              FTFE->FCCOB9 = (uint8_t)(*((uint8_t*)DataSrcPtr+6));
    269              FTFE->FCCOBA = (uint8_t)(*((uint8_t*)DataSrcPtr+5));
    270              FTFE->FCCOBB = (uint8_t)(*((uint8_t*)DataSrcPtr+4));
    271              //如果K60设置成为大端格式，进行如下操作
    272              //FTFE_FCCOB4 = (uint8_t)(*((uint_8*)DataSrcPtr+0));
    273              //FTFE_FCCOB5 = (uint8_t)(*((uint_8*)DataSrcPtr+1));
    274              //FTFE_FCCOB6 = (uint8_t)(*((uint_8*)DataSrcPtr+2));
    275              //FTFE_FCCOB7 = (uint8_t)(*((uint_8*)DataSrcPtr+3));
    276              //设置FLASH加载命令
    277              FTFE->FSTAT |= FTFE_FSTAT_CCIF_MASK;    
    278              //等待命令完成
    279              while (!(FTFE->FSTAT & FTFE_FSTAT_CCIF_MASK)) {};
    280          
    281              //检测FLASH访问错误
    282              if (FTFE->FSTAT & FTFE_FSTAT_ACCERR_MASK)
    283              {
    284                FTFE->FSTAT |= FTFE_FSTAT_ACCERR_MASK;
    285                Return |= FLASH_FACCERR;
    286              }
    287              //检测FLASH保护错误
    288              else if (FTFE->FSTAT & FTFE_FSTAT_FPVIOL_MASK)
    289              {
    290                FTFE->FSTAT |= FTFE_FSTAT_FPVIOL_MASK;
    291                Return |= FLASH_FPVIOL;
    292              }
    293              else if (FTFE->FSTAT & FTFE_FSTAT_RDCOLERR_MASK)
    294              {
    295                FTFE->FSTAT |= FTFE_FSTAT_RDCOLERR_MASK;
    296                Return |= FLASH_RDCOLERR;
    297              }
    298              else if (FTFE->FSTAT & FTFE_FSTAT_MGSTAT0_MASK)
    299              {
    300                  Return |= FLASH_MGSTAT0;
    301              } 
    302              //计算偏移量
    303              size_buffer --;
    304              DataSrcPtr += 2;     
    305              FlashStartAdd +=BYTE_DIV;
    306            }
    307          #endif
    308            return  Return;
   \                     ??LPLD_Flash_ByteProgram_4: (+1)
   \   000000CE   0xB2C0             UXTB     R0,R0            ;; ZeroExt  R0,R0,#+24,#+24
   \                     ??LPLD_Flash_ByteProgram_1: (+1)
   \   000000D0   0xBC30             POP      {R4,R5}
   \   000000D2   0x4770             BX       LR               ;; return
    309          } 

   \                                 In section .text, align 4, keep-with-next
   \                     ??DataTable2:
   \   00000000   0x40020000         DC32     0x40020000

   \                                 In section .text, align 4, keep-with-next
   \                     ??DataTable2_1:
   \   00000000   0x4001F004         DC32     0x4001f004

   \                                 In section .text, align 4, keep-with-next
   \                     ??DataTable2_2:
   \   00000000   0x4001F008         DC32     0x4001f008

   \                                 In section .text, align 4, keep-with-next
   \                     ??DataTable2_3:
   \   00000000   0x40020007         DC32     0x40020007

   \                                 In section .text, align 4, keep-with-next
   \                     ??DataTable2_4:
   \   00000000   0x40020006         DC32     0x40020006

   \                                 In section .text, align 4, keep-with-next
   \                     ??DataTable2_5:
   \   00000000   0x40020005         DC32     0x40020005

   \                                 In section .text, align 4, keep-with-next
   \                     ??DataTable2_6:
   \   00000000   0x40020004         DC32     0x40020004

   \                                 In section .text, align 4, keep-with-next
   \                     ??DataTable2_7:
   \   00000000   0x4002000B         DC32     0x4002000b

   \                                 In section .text, align 4, keep-with-next
   \                     ??DataTable2_8:
   \   00000000   0x4002000A         DC32     0x4002000a

   \                                 In section .text, align 4, keep-with-next
   \                     ??DataTable2_9:
   \   00000000   0x40020009         DC32     0x40020009

   \                                 In section .text, align 4, keep-with-next
   \                     ??DataTable2_10:
   \   00000000   0x40020008         DC32     0x40020008

   Maximum stack usage in bytes:

   .cstack Function
   ------- --------
       8   LPLD_Flash_ByteProgram
       0   LPLD_Flash_Init
       0   LPLD_Flash_SectorErase


   Section sizes:

   Bytes  Function/Label
   -----  --------------
       4  ??DataTable2
       4  ??DataTable2_1
       4  ??DataTable2_10
       4  ??DataTable2_2
       4  ??DataTable2_3
       4  ??DataTable2_4
       4  ??DataTable2_5
       4  ??DataTable2_6
       4  ??DataTable2_7
       4  ??DataTable2_8
       4  ??DataTable2_9
     212  LPLD_Flash_ByteProgram
      90  LPLD_Flash_Init
     152  LPLD_Flash_SectorErase

 
 498 bytes in section .text
 
 498 bytes of CODE memory

Errors: none
Warnings: none
