###############################################################################
#
# IAR ANSI C/C++ Compiler V8.10.1.12857/W32 for ARM       22/Dec/2017  21:48:11
# Copyright 1999-2017 IAR Systems AB.
#
#    Cpu mode     =  thumb
#    Endian       =  little
#    Source file  =  C:\Users\19071_000\Desktop\K60_Car\lib\LPLD\HW\HW_NVIC.c
#    Command line =  
#        -f C:\Users\19071_~1\AppData\Local\Temp\EWB4B7.tmp
#        (C:\Users\19071_000\Desktop\K60_Car\lib\LPLD\HW\HW_NVIC.c -D LPLD_K60
#        -D USE_K60DZ10 -lCN
#        C:\Users\19071_000\Desktop\K60_Car\program\program\iar\RAM\List -lB
#        C:\Users\19071_000\Desktop\K60_Car\program\program\iar\RAM\List -o
#        C:\Users\19071_000\Desktop\K60_Car\program\program\iar\RAM\Obj
#        --no_cse --no_unroll --no_inline --no_code_motion --no_tbaa
#        --no_clustering --no_scheduling --debug --endian=little
#        --cpu=Cortex-M4 -e --fpu=None --dlib_config "C:\Program Files
#        (x86)\IAR Systems\Embedded Workbench
#        8.0\arm\INC\c\DLib_Config_Normal.h" -I
#        C:\Users\19071_000\Desktop\K60_Car\program\program\iar\..\app\ -I
#        C:\Users\19071_000\Desktop\K60_Car\program\program\iar\..\..\..\lib\CPU\
#        -I
#        C:\Users\19071_000\Desktop\K60_Car\program\program\iar\..\..\..\lib\common\
#        -I
#        C:\Users\19071_000\Desktop\K60_Car\program\program\iar\..\..\..\lib\LPLD\
#        -I
#        C:\Users\19071_000\Desktop\K60_Car\program\program\iar\..\..\..\lib\LPLD\HW\
#        -I
#        C:\Users\19071_000\Desktop\K60_Car\program\program\iar\..\..\..\lib\LPLD\DEV\
#        -I
#        C:\Users\19071_000\Desktop\K60_Car\program\program\iar\..\..\..\lib\LPLD\FUNC\
#        -I
#        C:\Users\19071_000\Desktop\K60_Car\program\program\iar\..\..\..\lib\uCOS-II\Ports\
#        -I
#        C:\Users\19071_000\Desktop\K60_Car\program\program\iar\..\..\..\lib\uCOS-II\Source\
#        -I
#        C:\Users\19071_000\Desktop\K60_Car\program\program\iar\..\..\..\lib\FatFs\
#        -I
#        C:\Users\19071_000\Desktop\K60_Car\program\program\iar\..\..\..\lib\FatFs\option\
#        -I
#        C:\Users\19071_000\Desktop\K60_Car\program\program\iar\..\..\..\lib\USB\common\
#        -I
#        C:\Users\19071_000\Desktop\K60_Car\program\program\iar\..\..\..\lib\USB\driver\
#        -I
#        C:\Users\19071_000\Desktop\K60_Car\program\program\iar\..\..\..\lib\USB\descriptor\
#        -I
#        C:\Users\19071_000\Desktop\K60_Car\program\program\iar\..\..\..\lib\USB\class\
#        -I
#        C:\Users\19071_000\Desktop\K60_Car\program\program\iar\..\..\..\lib\peripheral\
#        -Ol -I "C:\Program Files (x86)\IAR Systems\Embedded Workbench
#        8.0\arm\CMSIS\Include\" -D ARM_MATH_CM4)
#    Locale       =  C
#    List file    =  
#        C:\Users\19071_000\Desktop\K60_Car\program\program\iar\RAM\List\HW_NVIC.lst
#    Object file  =  
#        C:\Users\19071_000\Desktop\K60_Car\program\program\iar\RAM\Obj\HW_NVIC.o
#
###############################################################################

C:\Users\19071_000\Desktop\K60_Car\lib\LPLD\HW\HW_NVIC.c
      1          /**
      2           * @file HW_NVIC.c
      3           * @version 3.02[By LPLD]
      4           * @date 2013-11-29
      5           * @brief 内核NVIC模块相关函数
      6           *
      7           * 更改建议:不建议修改
      8           *
      9           * 版权所有:北京拉普兰德电子技术有限公司
     10           * http://www.lpld.cn
     11           * mail:support@lpld.cn
     12           *
     13           * @par
     14           * 本代码由拉普兰德[LPLD]开发并维护，并向所有使用者开放源代码。
     15           * 开发者可以随意修使用或改源代码。但本段及以上注释应予以保留。
     16           * 不得更改或删除原版权所有者姓名，二次开发者可以加注二次版权所有者。
     17           * 但应在遵守此协议的基础上，开放源代码、不得出售代码本身。
     18           * 拉普兰德不负责由于使用本代码所带来的任何事故、法律责任或相关不良影响。
     19           * 拉普兰德无义务解释、说明本代码的具体原理、功能、实现方法。
     20           * 除非拉普兰德[LPLD]授权，开发者不得将本代码用于商业产品。
     21           */
     22          #include "HW_NVIC.h"

   \                                 In section .text, align 2, keep-with-next
   \   static __interwork __softfp void __NVIC_SetPriorityGrouping(uint32_t)
   \                     __NVIC_SetPriorityGrouping: (+1)
   \   00000000   0xF010 0x0007      ANDS     R0,R0,#0x7
   \   00000004   0x....             LDR.N    R1,??DataTable4  ;; 0xe000ed0c
   \   00000006   0x680A             LDR      R2,[R1, #+0]
   \   00000008   0xF64F 0x01FF      MOVW     R1,#+63743
   \   0000000C   0x400A             ANDS     R2,R1,R2
   \   0000000E   0x....             LDR.N    R1,??DataTable4_1  ;; 0x5fa0000
   \   00000010   0xEA51 0x2100      ORRS     R1,R1,R0, LSL #+8
   \   00000014   0x430A             ORRS     R2,R1,R2
   \   00000016   0x....             LDR.N    R0,??DataTable4  ;; 0xe000ed0c
   \   00000018   0x6002             STR      R2,[R0, #+0]
   \   0000001A   0x4770             BX       LR               ;; return

   \                                 In section .text, align 2, keep-with-next
   \   static __interwork __softfp void __NVIC_EnableIRQ(IRQn_Type)
   \                     __NVIC_EnableIRQ: (+1)
   \   00000000   0xB240             SXTB     R0,R0            ;; SignExt  R0,R0,#+24,#+24
   \   00000002   0x2800             CMP      R0,#+0
   \   00000004   0xD408             BMI.N    ??__NVIC_EnableIRQ_0
   \   00000006   0x2201             MOVS     R2,#+1
   \   00000008   0xF010 0x011F      ANDS     R1,R0,#0x1F
   \   0000000C   0x408A             LSLS     R2,R2,R1
   \   0000000E   0x....             LDR.N    R1,??DataTable4_2  ;; 0xe000e100
   \   00000010   0xB240             SXTB     R0,R0            ;; SignExt  R0,R0,#+24,#+24
   \   00000012   0x0940             LSRS     R0,R0,#+5
   \   00000014   0xF841 0x2020      STR      R2,[R1, R0, LSL #+2]
   \                     ??__NVIC_EnableIRQ_0: (+1)
   \   00000018   0x4770             BX       LR               ;; return

   \                                 In section .text, align 2, keep-with-next
   \   static __interwork __softfp void __NVIC_DisableIRQ(IRQn_Type)
   \                     __NVIC_DisableIRQ: (+1)
   \   00000000   0xB240             SXTB     R0,R0            ;; SignExt  R0,R0,#+24,#+24
   \   00000002   0x2800             CMP      R0,#+0
   \   00000004   0xD408             BMI.N    ??__NVIC_DisableIRQ_0
   \   00000006   0x2201             MOVS     R2,#+1
   \   00000008   0xF010 0x011F      ANDS     R1,R0,#0x1F
   \   0000000C   0x408A             LSLS     R2,R2,R1
   \   0000000E   0x....             LDR.N    R1,??DataTable4_3  ;; 0xe000e180
   \   00000010   0xB240             SXTB     R0,R0            ;; SignExt  R0,R0,#+24,#+24
   \   00000012   0x0940             LSRS     R0,R0,#+5
   \   00000014   0xF841 0x2020      STR      R2,[R1, R0, LSL #+2]
   \                     ??__NVIC_DisableIRQ_0: (+1)
   \   00000018   0x4770             BX       LR               ;; return

   \                                 In section .text, align 2, keep-with-next
   \   static __interwork __softfp void __NVIC_SetPriority(IRQn_Type, uint32_t)
   \                     __NVIC_SetPriority: (+1)
   \   00000000   0xB240             SXTB     R0,R0            ;; SignExt  R0,R0,#+24,#+24
   \   00000002   0x2800             CMP      R0,#+0
   \   00000004   0xD404             BMI.N    ??__NVIC_SetPriority_0
   \   00000006   0x0109             LSLS     R1,R1,#+4
   \   00000008   0x....             LDR.N    R2,??DataTable4_4  ;; 0xe000e400
   \   0000000A   0xB240             SXTB     R0,R0            ;; SignExt  R0,R0,#+24,#+24
   \   0000000C   0x5411             STRB     R1,[R2, R0]
   \   0000000E   0xE007             B.N      ??__NVIC_SetPriority_1
   \                     ??__NVIC_SetPriority_0: (+1)
   \   00000010   0x0109             LSLS     R1,R1,#+4
   \   00000012   0x....             LDR.N    R2,??DataTable4_5  ;; 0xe000ed18
   \   00000014   0xB240             SXTB     R0,R0            ;; SignExt  R0,R0,#+24,#+24
   \   00000016   0xF010 0x000F      ANDS     R0,R0,#0xF
   \   0000001A   0x4410             ADD      R0,R2,R0
   \   0000001C   0xF800 0x1C04      STRB     R1,[R0, #-4]
   \                     ??__NVIC_SetPriority_1: (+1)
   \   00000020   0x4770             BX       LR               ;; return

   \                                 In section .text, align 2, keep-with-next
   \   static __interwork __softfp uint32_t NVIC_EncodePriority(uint32_t, uint32_t, uint32_t)
   \                     NVIC_EncodePriority: (+1)
   \   00000000   0xB410             PUSH     {R4}
   \   00000002   0xF010 0x0007      ANDS     R0,R0,#0x7
   \   00000006   0xF1D0 0x0307      RSBS     R3,R0,#+7
   \   0000000A   0x2B05             CMP      R3,#+5
   \   0000000C   0xD301             BCC.N    ??NVIC_EncodePriority_0
   \   0000000E   0x2304             MOVS     R3,#+4
   \   00000010   0xE001             B.N      ??NVIC_EncodePriority_1
   \                     ??NVIC_EncodePriority_0: (+1)
   \   00000012   0xF1D0 0x0307      RSBS     R3,R0,#+7
   \                     ??NVIC_EncodePriority_1: (+1)
   \   00000016   0x1D04             ADDS     R4,R0,#+4
   \   00000018   0x2C07             CMP      R4,#+7
   \   0000001A   0xD201             BCS.N    ??NVIC_EncodePriority_2
   \   0000001C   0x2000             MOVS     R0,#+0
   \   0000001E   0xE000             B.N      ??NVIC_EncodePriority_3
   \                     ??NVIC_EncodePriority_2: (+1)
   \   00000020   0x1EC0             SUBS     R0,R0,#+3
   \                     ??NVIC_EncodePriority_3: (+1)
   \   00000022   0x2401             MOVS     R4,#+1
   \   00000024   0xFA14 0xF303      LSLS     R3,R4,R3
   \   00000028   0x1E5B             SUBS     R3,R3,#+1
   \   0000002A   0x4019             ANDS     R1,R3,R1
   \   0000002C   0x4081             LSLS     R1,R1,R0
   \   0000002E   0x2301             MOVS     R3,#+1
   \   00000030   0xFA13 0xF000      LSLS     R0,R3,R0
   \   00000034   0x1E40             SUBS     R0,R0,#+1
   \   00000036   0x4010             ANDS     R0,R0,R2
   \   00000038   0x4308             ORRS     R0,R0,R1
   \   0000003A   0xBC10             POP      {R4}
   \   0000003C   0x4770             BX       LR               ;; return
     23          
     24          /*
     25           * LPLD_NVIC_Init
     26           *
     27           * 在该函数中配置IRQn_Type通道优先级，并根据需要在NVIC中使能IRQn_Type
     28           * 在函数中调用了core_m4.h中的NVIC函数管理M4内核的16个中断优先级
     29           * 16个中断优先级通过分组的形式进行管理，将NVIC中的优先级分为5组，NVIC_PriorityGroup_0 -- 5
     30           * 每组包含抢占式优先级（NVIC_IRQChannelPreemptionPriority）和响应式优先级（NVIC_IRQChannelSubPriority）
     31           *
     32           * 优先级仲裁:
     33           * >1 PreemptionPriority优先级高的才能抢占PreemptionPriority优先级低的中断异常;
     34           * (即NVIC_IRQChannelPreemptionPriority值越小优先级越高);
     35           * >2 PreemptionPriority优先级相同的中断异常之间不能相互抢占;
     36           * >3 如果PreemptionPriority优先级相等，再比较SubPriority响应优先级，SubPriority响应优先级值越小中断优先级越高;
     37           *
     38           * NVIC中的优先级分组划分见NVIC_InitTypeDef中的NVIC 中断分组
     39           * 
     40           * 参数:
     41           *    NVIC_InitStructure--NVIC初始化结构体，
     42           *                        具体定义见NVIC_InitTypeDef
     43           * 输出:
     44           *    0:配置失败
     45           *    1:配置成功
     46           *
     47          */

   \                                 In section .text, align 2, keep-with-next
     48          uint8 LPLD_NVIC_Init(NVIC_InitTypeDef NVIC_InitStructure)
     49          {
   \                     LPLD_NVIC_Init: (+1)
   \   00000000   0xB40F             PUSH     {R0-R3}
   \   00000002   0xE92D 0x43F8      PUSH     {R3-R9,LR}
     50            uint8  request = 1;
   \   00000006   0x2601             MOVS     R6,#+1
     51            IRQn_Type int_id = NVIC_InitStructure.NVIC_IRQChannel;
   \   00000008   0xF99D 0x7020      LDRSB    R7,[SP, #+32]
     52            uint32 nvic_priority_group = NVIC_InitStructure.NVIC_IRQChannelGroupPriority; 
   \   0000000C   0xF8DD 0x8024      LDR      R8,[SP, #+36]
     53            uint32 nvic_preemption_priority = NVIC_InitStructure.NVIC_IRQChannelPreemptionPriority;
   \   00000010   0x9D0A             LDR      R5,[SP, #+40]
     54            uint32 nvic_sub_priority = NVIC_InitStructure.NVIC_IRQChannelSubPriority;
   \   00000012   0x9C0B             LDR      R4,[SP, #+44]
     55            boolean status = NVIC_InitStructure.NVIC_IRQChannelEnable;
   \   00000014   0xF89D 0x9030      LDRB     R9,[SP, #+48]
     56            uint32 temp;
     57            //参数检查
     58            ASSERT(IS_NVIC_PRIORITY_GROUP(nvic_priority_group));
   \   00000018   0xF1B8 0x0F07      CMP      R8,#+7
   \   0000001C   0xD00F             BEQ.N    ??LPLD_NVIC_Init_0
   \   0000001E   0xF1B8 0x0F06      CMP      R8,#+6
   \   00000022   0xD00C             BEQ.N    ??LPLD_NVIC_Init_0
   \   00000024   0xF1B8 0x0F05      CMP      R8,#+5
   \   00000028   0xD009             BEQ.N    ??LPLD_NVIC_Init_0
   \   0000002A   0xF1B8 0x0F04      CMP      R8,#+4
   \   0000002E   0xD006             BEQ.N    ??LPLD_NVIC_Init_0
   \   00000030   0xF1B8 0x0F03      CMP      R8,#+3
   \   00000034   0xD003             BEQ.N    ??LPLD_NVIC_Init_0
   \   00000036   0x213A             MOVS     R1,#+58
   \   00000038   0x....             LDR.N    R0,??DataTable4_6
   \   0000003A   0x.... 0x....      BL       assert_failed
     59            ASSERT(IS_NVIC_PREEMPTION_PRIORITY(nvic_preemption_priority));
   \                     ??LPLD_NVIC_Init_0: (+1)
   \   0000003E   0x2D10             CMP      R5,#+16
   \   00000040   0xD303             BCC.N    ??LPLD_NVIC_Init_1
   \   00000042   0x213B             MOVS     R1,#+59
   \   00000044   0x....             LDR.N    R0,??DataTable4_6
   \   00000046   0x.... 0x....      BL       assert_failed
     60            ASSERT(IS_NVIC_SUB_PRIORITY(nvic_sub_priority));
   \                     ??LPLD_NVIC_Init_1: (+1)
   \   0000004A   0x2C10             CMP      R4,#+16
   \   0000004C   0xD303             BCC.N    ??LPLD_NVIC_Init_2
   \   0000004E   0x213C             MOVS     R1,#+60
   \   00000050   0x....             LDR.N    R0,??DataTable4_6
   \   00000052   0x.... 0x....      BL       assert_failed
     61            //根据 NVIC中断分组 配置抢占优先级
     62            switch(nvic_priority_group)
   \                     ??LPLD_NVIC_Init_2: (+1)
   \   00000056   0xF1B8 0x0F03      CMP      R8,#+3
   \   0000005A   0xD040             BEQ.N    ??LPLD_NVIC_Init_3
   \   0000005C   0xD348             BCC.N    ??LPLD_NVIC_Init_4
   \   0000005E   0xF1B8 0x0F05      CMP      R8,#+5
   \   00000062   0xD02A             BEQ.N    ??LPLD_NVIC_Init_5
   \   00000064   0xD332             BCC.N    ??LPLD_NVIC_Init_6
   \   00000066   0xF1B8 0x0F07      CMP      R8,#+7
   \   0000006A   0xD001             BEQ.N    ??LPLD_NVIC_Init_7
   \   0000006C   0xD31C             BCC.N    ??LPLD_NVIC_Init_8
   \   0000006E   0xE03F             B.N      ??LPLD_NVIC_Init_4
     63            {
     64                case NVIC_PriorityGroup_0: NVIC_SetPriorityGrouping(NVIC_PriorityGroup_0);
   \                     ??LPLD_NVIC_Init_7: (+1)
   \   00000070   0x2007             MOVS     R0,#+7
   \   00000072   0x.... 0x....      BL       __NVIC_SetPriorityGrouping
     65                        if(nvic_preemption_priority > 0 || nvic_sub_priority >15)
   \   00000076   0x2D00             CMP      R5,#+0
   \   00000078   0xD101             BNE.N    ??LPLD_NVIC_Init_9
   \   0000007A   0x2C10             CMP      R4,#+16
   \   0000007C   0xD300             BCC.N    ??LPLD_NVIC_Init_10
     66                          request = 0;
   \                     ??LPLD_NVIC_Init_9: (+1)
   \   0000007E   0x2600             MOVS     R6,#+0
     67                        break;
     68                case NVIC_PriorityGroup_1: NVIC_SetPriorityGrouping(NVIC_PriorityGroup_1);
     69                        if(nvic_preemption_priority > 1 || nvic_sub_priority >7)
     70                          request = 0;
     71                        break;
     72                case NVIC_PriorityGroup_2: NVIC_SetPriorityGrouping(NVIC_PriorityGroup_2);
     73                        if(nvic_preemption_priority > 3 || nvic_sub_priority >3)
     74                          request = 0;
     75                        break;
     76                case NVIC_PriorityGroup_3: NVIC_SetPriorityGrouping(NVIC_PriorityGroup_3);
     77                        if(nvic_preemption_priority > 7 || nvic_sub_priority >1)
     78                          request = 0;
     79                        break;
     80                case NVIC_PriorityGroup_4: NVIC_SetPriorityGrouping(NVIC_PriorityGroup_4);
     81                        if(nvic_preemption_priority > 15 || nvic_sub_priority >0)
     82                          request = 0;
     83                        break;
     84                default:return 0;
     85            }
     86            //根据中断分抢占设置中断抢占优先级
     87            //根据中断分抢占设置中断响应优先级
     88            temp = NVIC_EncodePriority(nvic_priority_group,\
     89                                       nvic_preemption_priority,\
     90                                       nvic_sub_priority);
   \                     ??LPLD_NVIC_Init_10: (+1)
   \                     ??LPLD_NVIC_Init_11: (+1)
   \   00000080   0x0022             MOVS     R2,R4
   \   00000082   0x0029             MOVS     R1,R5
   \   00000084   0x4640             MOV      R0,R8
   \   00000086   0x.... 0x....      BL       NVIC_EncodePriority
   \   0000008A   0x0001             MOVS     R1,R0
     91            //设置中断向量号,并在M4内核中设置NVIC优先级
     92            NVIC_SetPriority(int_id,temp);
   \   0000008C   0x0038             MOVS     R0,R7
   \   0000008E   0xB240             SXTB     R0,R0            ;; SignExt  R0,R0,#+24,#+24
   \   00000090   0x.... 0x....      BL       __NVIC_SetPriority
     93            
     94            if(status == TRUE)
   \   00000094   0xFA5F 0xF989      UXTB     R9,R9            ;; ZeroExt  R9,R9,#+24,#+24
   \   00000098   0xF1B9 0x0F01      CMP      R9,#+1
   \   0000009C   0xD12A             BNE.N    ??LPLD_NVIC_Init_12
     95            {
     96              NVIC_EnableIRQ(int_id);
   \   0000009E   0x0038             MOVS     R0,R7
   \   000000A0   0xB240             SXTB     R0,R0            ;; SignExt  R0,R0,#+24,#+24
   \   000000A2   0x.... 0x....      BL       __NVIC_EnableIRQ
   \   000000A6   0xE029             B.N      ??LPLD_NVIC_Init_13
     97            }
   \                     ??LPLD_NVIC_Init_8: (+1)
   \   000000A8   0x2006             MOVS     R0,#+6
   \   000000AA   0x.... 0x....      BL       __NVIC_SetPriorityGrouping
   \   000000AE   0x2D02             CMP      R5,#+2
   \   000000B0   0xD201             BCS.N    ??LPLD_NVIC_Init_14
   \   000000B2   0x2C08             CMP      R4,#+8
   \   000000B4   0xD300             BCC.N    ??LPLD_NVIC_Init_15
   \                     ??LPLD_NVIC_Init_14: (+1)
   \   000000B6   0x2600             MOVS     R6,#+0
   \                     ??LPLD_NVIC_Init_15: (+1)
   \   000000B8   0xE7E2             B.N      ??LPLD_NVIC_Init_11
   \                     ??LPLD_NVIC_Init_5: (+1)
   \   000000BA   0x2005             MOVS     R0,#+5
   \   000000BC   0x.... 0x....      BL       __NVIC_SetPriorityGrouping
   \   000000C0   0x2D04             CMP      R5,#+4
   \   000000C2   0xD201             BCS.N    ??LPLD_NVIC_Init_16
   \   000000C4   0x2C04             CMP      R4,#+4
   \   000000C6   0xD300             BCC.N    ??LPLD_NVIC_Init_17
   \                     ??LPLD_NVIC_Init_16: (+1)
   \   000000C8   0x2600             MOVS     R6,#+0
   \                     ??LPLD_NVIC_Init_17: (+1)
   \   000000CA   0xE7D9             B.N      ??LPLD_NVIC_Init_11
   \                     ??LPLD_NVIC_Init_6: (+1)
   \   000000CC   0x2004             MOVS     R0,#+4
   \   000000CE   0x.... 0x....      BL       __NVIC_SetPriorityGrouping
   \   000000D2   0x2D08             CMP      R5,#+8
   \   000000D4   0xD201             BCS.N    ??LPLD_NVIC_Init_18
   \   000000D6   0x2C02             CMP      R4,#+2
   \   000000D8   0xD300             BCC.N    ??LPLD_NVIC_Init_19
   \                     ??LPLD_NVIC_Init_18: (+1)
   \   000000DA   0x2600             MOVS     R6,#+0
   \                     ??LPLD_NVIC_Init_19: (+1)
   \   000000DC   0xE7D0             B.N      ??LPLD_NVIC_Init_11
   \                     ??LPLD_NVIC_Init_3: (+1)
   \   000000DE   0x2003             MOVS     R0,#+3
   \   000000E0   0x.... 0x....      BL       __NVIC_SetPriorityGrouping
   \   000000E4   0x2D10             CMP      R5,#+16
   \   000000E6   0xD201             BCS.N    ??LPLD_NVIC_Init_20
   \   000000E8   0x2C00             CMP      R4,#+0
   \   000000EA   0xD000             BEQ.N    ??LPLD_NVIC_Init_21
   \                     ??LPLD_NVIC_Init_20: (+1)
   \   000000EC   0x2600             MOVS     R6,#+0
   \                     ??LPLD_NVIC_Init_21: (+1)
   \   000000EE   0xE7C7             B.N      ??LPLD_NVIC_Init_11
   \                     ??LPLD_NVIC_Init_4: (+1)
   \   000000F0   0x2000             MOVS     R0,#+0
   \   000000F2   0xE005             B.N      ??LPLD_NVIC_Init_22
     98            else
     99            {
    100              NVIC_DisableIRQ(int_id);
   \                     ??LPLD_NVIC_Init_12: (+1)
   \   000000F4   0x0038             MOVS     R0,R7
   \   000000F6   0xB240             SXTB     R0,R0            ;; SignExt  R0,R0,#+24,#+24
   \   000000F8   0x.... 0x....      BL       __NVIC_DisableIRQ
    101            }
    102            return request;
   \                     ??LPLD_NVIC_Init_13: (+1)
   \   000000FC   0x0030             MOVS     R0,R6
   \   000000FE   0xB2C0             UXTB     R0,R0            ;; ZeroExt  R0,R0,#+24,#+24
   \                     ??LPLD_NVIC_Init_22: (+1)
   \   00000100   0xE8BD 0x03F2      POP      {R1,R4-R9}
   \   00000104   0xF85D 0xFB14      LDR      PC,[SP], #+20    ;; return
    103          }

   \                                 In section .text, align 4, keep-with-next
   \                     ??DataTable4:
   \   00000000   0xE000ED0C         DC32     0xe000ed0c

   \                                 In section .text, align 4, keep-with-next
   \                     ??DataTable4_1:
   \   00000000   0x05FA0000         DC32     0x5fa0000

   \                                 In section .text, align 4, keep-with-next
   \                     ??DataTable4_2:
   \   00000000   0xE000E100         DC32     0xe000e100

   \                                 In section .text, align 4, keep-with-next
   \                     ??DataTable4_3:
   \   00000000   0xE000E180         DC32     0xe000e180

   \                                 In section .text, align 4, keep-with-next
   \                     ??DataTable4_4:
   \   00000000   0xE000E400         DC32     0xe000e400

   \                                 In section .text, align 4, keep-with-next
   \                     ??DataTable4_5:
   \   00000000   0xE000ED18         DC32     0xe000ed18

   \                                 In section .text, align 4, keep-with-next
   \                     ??DataTable4_6:
   \   00000000   0x........         DC32     ?_0

   \                                 In section .rodata, align 4
   \                     ?_0:
   \   00000000   0x43 0x3A          DC8 43H, 3AH, 5CH, 55H, 73H, 65H, 72H, 73H
   \              0x5C 0x55    
   \              0x73 0x65    
   \              0x72 0x73    
   \   00000008   0x5C 0x31          DC8 5CH, 31H, 39H, 30H, 37H, 31H, 5FH, 30H
   \              0x39 0x30    
   \              0x37 0x31    
   \              0x5F 0x30    
   \   00000010   0x30 0x30          DC8 30H, 30H, 5CH, 44H, 65H, 73H, 6BH, 74H
   \              0x5C 0x44    
   \              0x65 0x73    
   \              0x6B 0x74    
   \   00000018   0x6F 0x70          DC8 6FH, 70H, 5CH, 4BH, 36H, 30H, 5FH, 43H
   \              0x5C 0x4B    
   \              0x36 0x30    
   \              0x5F 0x43    
   \   00000020   0x61 0x72          DC8 61H, 72H, 5CH, 6CH, 69H, 62H, 5CH, 4CH
   \              0x5C 0x6C    
   \              0x69 0x62    
   \              0x5C 0x4C    
   \   00000028   0x50 0x4C          DC8 50H, 4CH, 44H, 5CH, 48H, 57H, 5CH, 48H
   \              0x44 0x5C    
   \              0x48 0x57    
   \              0x5C 0x48    
   \   00000030   0x57 0x5F          DC8 57H, 5FH, 4EH, 56H, 49H, 43H, 2EH, 63H
   \              0x4E 0x56    
   \              0x49 0x43    
   \              0x2E 0x63    
   \   00000038   0x00               DC8 0
   \   00000039   0x00 0x00          DC8 0, 0, 0
   \              0x00         

   Maximum stack usage in bytes:

   .cstack Function
   ------- --------
      48   LPLD_NVIC_Init
        48   -> NVIC_EncodePriority
        48   -> __NVIC_DisableIRQ
        48   -> __NVIC_EnableIRQ
        48   -> __NVIC_SetPriority
        48   -> __NVIC_SetPriorityGrouping
        48   -> assert_failed
       4   NVIC_EncodePriority
       0   __NVIC_DisableIRQ
       0   __NVIC_EnableIRQ
       0   __NVIC_SetPriority
       0   __NVIC_SetPriorityGrouping


   Section sizes:

   Bytes  Function/Label
   -----  --------------
       4  ??DataTable4
       4  ??DataTable4_1
       4  ??DataTable4_2
       4  ??DataTable4_3
       4  ??DataTable4_4
       4  ??DataTable4_5
       4  ??DataTable4_6
      60  ?_0
     264  LPLD_NVIC_Init
      62  NVIC_EncodePriority
      26  __NVIC_DisableIRQ
      26  __NVIC_EnableIRQ
      34  __NVIC_SetPriority
      28  __NVIC_SetPriorityGrouping

 
  60 bytes in section .rodata
 468 bytes in section .text
 
 468 bytes of CODE  memory
  60 bytes of CONST memory

Errors: none
Warnings: none
