###############################################################################
#
# IAR ANSI C/C++ Compiler V8.10.1.12857/W32 for ARM       25/Nov/2017  23:34:33
# Copyright 1999-2017 IAR Systems AB.
#
#    Cpu mode     =  thumb
#    Endian       =  little
#    Source file  =  
#        C:\Users\19071_000\Desktop\K60_Car\lib\peripheral\wrapper.c
#    Command line =  
#        -f C:\Users\19071_~1\AppData\Local\Temp\EW5861.tmp
#        (C:\Users\19071_000\Desktop\K60_Car\lib\peripheral\wrapper.c -D
#        LPLD_K60 -D USE_K60DZ10 -lCN
#        C:\Users\19071_000\Desktop\K60_Car\program\program\iar\RAM\List -lB
#        C:\Users\19071_000\Desktop\K60_Car\program\program\iar\RAM\List -o
#        C:\Users\19071_000\Desktop\K60_Car\program\program\iar\RAM\Obj
#        --no_cse --no_unroll --no_inline --no_code_motion --no_tbaa
#        --no_clustering --no_scheduling --debug --endian=little
#        --cpu=Cortex-M4 -e --fpu=None --dlib_config "C:\Program Files
#        (x86)\IAR Systems\Embedded Workbench
#        8.0\arm\INC\c\DLib_Config_Normal.h" -I
#        C:\Users\19071_000\Desktop\K60_Car\program\program\iar\..\app\ -I
#        C:\Users\19071_000\Desktop\K60_Car\program\program\iar\..\..\..\lib\CPU\
#        -I
#        C:\Users\19071_000\Desktop\K60_Car\program\program\iar\..\..\..\lib\common\
#        -I
#        C:\Users\19071_000\Desktop\K60_Car\program\program\iar\..\..\..\lib\LPLD\
#        -I
#        C:\Users\19071_000\Desktop\K60_Car\program\program\iar\..\..\..\lib\LPLD\HW\
#        -I
#        C:\Users\19071_000\Desktop\K60_Car\program\program\iar\..\..\..\lib\peripheral\
#        -I
#        C:\Users\19071_000\Desktop\K60_Car\program\program\iar\..\..\..\lib\LPLD\DEV\
#        -I
#        C:\Users\19071_000\Desktop\K60_Car\program\program\iar\..\..\..\lib\LPLD\FUNC\
#        -I
#        C:\Users\19071_000\Desktop\K60_Car\program\program\iar\..\..\..\lib\uCOS-II\Ports\
#        -I
#        C:\Users\19071_000\Desktop\K60_Car\program\program\iar\..\..\..\lib\uCOS-II\Source\
#        -I
#        C:\Users\19071_000\Desktop\K60_Car\program\program\iar\..\..\..\lib\FatFs\
#        -I
#        C:\Users\19071_000\Desktop\K60_Car\program\program\iar\..\..\..\lib\FatFs\option\
#        -I
#        C:\Users\19071_000\Desktop\K60_Car\program\program\iar\..\..\..\lib\USB\common\
#        -I
#        C:\Users\19071_000\Desktop\K60_Car\program\program\iar\..\..\..\lib\USB\driver\
#        -I
#        C:\Users\19071_000\Desktop\K60_Car\program\program\iar\..\..\..\lib\USB\descriptor\
#        -I
#        C:\Users\19071_000\Desktop\K60_Car\program\program\iar\..\..\..\lib\USB\class\
#        -Ol -I "C:\Program Files (x86)\IAR Systems\Embedded Workbench
#        8.0\arm\CMSIS\Include\" -D ARM_MATH_CM4)
#    Locale       =  C
#    List file    =  
#        C:\Users\19071_000\Desktop\K60_Car\program\program\iar\RAM\List\wrapper.lst
#    Object file  =  
#        C:\Users\19071_000\Desktop\K60_Car\program\program\iar\RAM\Obj\wrapper.o
#
###############################################################################

C:\Users\19071_000\Desktop\K60_Car\lib\peripheral\wrapper.c
      1          #ifndef _HYDRV_LPLD_WRAPPER_H_
      2          #define _HYDRV_LPLD_WRAPPER_H_
      3          
      4          typedef struct {
      5          	GPIO_Type * PTx; /* PTA, PTB, PTC, PTD, PTE */
      6          	uint32 GPIO_Pinn; /* GPIO_Pin0 - GPIO_Pin31 ; GPIO_Pin0_7¡¢GPIO_Pin8_15¡¢GPIO_Pin16_23¡¢GPIO_Pin24_31*/
      7          	uint32 GPIO_Pinnum; /* 0-31 ; lsb pinnum in parallel 8 pin mode, for example 0 for GPIO_Pin0_7 */
      8          }gpio_cfg_t;
      9          
     10          #define _DI(iocfg) PTxn_I((iocfg).PTx, (iocfg).GPIO_Pinnum)
     11          #define _DO(iocfg) PTxn_O((iocfg).PTx, (iocfg).GPIO_Pinnum)
     12          #define _DDR(iocfg) DDR((iocfg).PTx, (iocfg).GPIO_Pinnum)
     13          
     14          #endif

Errors: 3
Warnings: none
